2018-09-30 00:00:28.557 [JavaFX Application Thread] INFO  expense.L0gController - User successfully logged in 
2018-09-30 00:02:25.885 [JavaFX Application Thread] INFO  expense.L0gController - User successfully logged in 
2018-09-30 08:59:10.163 [JavaFX Application Thread] INFO  expense.L0gController - User successfully logged in 
2018-09-30 08:59:26.945 [JavaFX Application Thread] ERROR real.database.DatabaseHandler - {}
java.lang.NullPointerException: null
	at real.database.DatabaseHandler.getDBTables(DatabaseHandler.java:128) ~[RealDriving.jar:1.0]
	at real.database.DatabaseHandler.inflateDB(DatabaseHandler.java:61) ~[RealDriving.jar:1.0]
	at real.database.DatabaseHandler.<clinit>(DatabaseHandler.java:45) ~[RealDriving.jar:1.0]
	at government.GovenmentController.loadcol(GovenmentController.java:119) ~[RealDriving.jar:1.0]
	at government.GovenmentController.initialize(GovenmentController.java:64) ~[RealDriving.jar:1.0]
	at javafx.fxml.FXMLLoader.loadImpl(FXMLLoader.java:2548) ~[jfxrt.jar:?]
	at javafx.fxml.FXMLLoader.loadImpl(FXMLLoader.java:2441) ~[jfxrt.jar:?]
	at javafx.fxml.FXMLLoader.loadImpl(FXMLLoader.java:3214) ~[jfxrt.jar:?]
	at javafx.fxml.FXMLLoader.loadImpl(FXMLLoader.java:3175) ~[jfxrt.jar:?]
	at javafx.fxml.FXMLLoader.loadImpl(FXMLLoader.java:3148) ~[jfxrt.jar:?]
	at javafx.fxml.FXMLLoader.loadImpl(FXMLLoader.java:3124) ~[jfxrt.jar:?]
	at javafx.fxml.FXMLLoader.loadImpl(FXMLLoader.java:3104) ~[jfxrt.jar:?]
	at javafx.fxml.FXMLLoader.load(FXMLLoader.java:3097) ~[jfxrt.jar:?]
	at realdriving.FXMLDocumentController.centre(FXMLDocumentController.java:74) ~[RealDriving.jar:1.0]
	at realdriving.FXMLDocumentController.gok(FXMLDocumentController.java:183) ~[RealDriving.jar:1.0]
	at sun.reflect.NativeMethodAccessorImpl.invoke0(Native Method) ~[?:1.8.0_144]
	at sun.reflect.NativeMethodAccessorImpl.invoke(NativeMethodAccessorImpl.java:62) ~[?:1.8.0_144]
	at sun.reflect.DelegatingMethodAccessorImpl.invoke(DelegatingMethodAccessorImpl.java:43) ~[?:1.8.0_144]
	at java.lang.reflect.Method.invoke(Method.java:498) ~[?:1.8.0_144]
	at sun.reflect.misc.Trampoline.invoke(MethodUtil.java:71) ~[?:1.8.0_144]
	at sun.reflect.GeneratedMethodAccessor1.invoke(Unknown Source) ~[?:?]
	at sun.reflect.DelegatingMethodAccessorImpl.invoke(DelegatingMethodAccessorImpl.java:43) ~[?:1.8.0_144]
	at java.lang.reflect.Method.invoke(Method.java:498) ~[?:1.8.0_144]
	at sun.reflect.misc.MethodUtil.invoke(MethodUtil.java:275) ~[?:1.8.0_144]
	at javafx.fxml.FXMLLoader$MethodHandler.invoke(FXMLLoader.java:1769) ~[jfxrt.jar:?]
	at javafx.fxml.FXMLLoader$ControllerMethodEventHandler.handle(FXMLLoader.java:1657) ~[jfxrt.jar:?]
	at com.sun.javafx.event.CompositeEventHandler.dispatchBubblingEvent(CompositeEventHandler.java:86) ~[jfxrt.jar:?]
	at com.sun.javafx.event.EventHandlerManager.dispatchBubblingEvent(EventHandlerManager.java:238) ~[jfxrt.jar:?]
	at com.sun.javafx.event.EventHandlerManager.dispatchBubblingEvent(EventHandlerManager.java:191) ~[jfxrt.jar:?]
	at com.sun.javafx.event.CompositeEventDispatcher.dispatchBubblingEvent(CompositeEventDispatcher.java:59) ~[jfxrt.jar:?]
	at com.sun.javafx.event.BasicEventDispatcher.dispatchEvent(BasicEventDispatcher.java:58) ~[jfxrt.jar:?]
	at com.sun.javafx.event.EventDispatchChainImpl.dispatchEvent(EventDispatchChainImpl.java:114) ~[jfxrt.jar:?]
	at com.sun.javafx.event.BasicEventDispatcher.dispatchEvent(BasicEventDispatcher.java:56) ~[jfxrt.jar:?]
	at com.sun.javafx.event.EventDispatchChainImpl.dispatchEvent(EventDispatchChainImpl.java:114) ~[jfxrt.jar:?]
	at com.sun.javafx.event.BasicEventDispatcher.dispatchEvent(BasicEventDispatcher.java:56) ~[jfxrt.jar:?]
	at com.sun.javafx.event.EventDispatchChainImpl.dispatchEvent(EventDispatchChainImpl.java:114) ~[jfxrt.jar:?]
	at com.sun.javafx.event.EventUtil.fireEventImpl(EventUtil.java:74) ~[jfxrt.jar:?]
	at com.sun.javafx.event.EventUtil.fireEvent(EventUtil.java:49) ~[jfxrt.jar:?]
	at javafx.event.Event.fireEvent(Event.java:198) ~[jfxrt.jar:?]
	at javafx.scene.Node.fireEvent(Node.java:8413) ~[jfxrt.jar:?]
	at javafx.scene.control.Button.fire(Button.java:185) ~[jfxrt.jar:?]
	at com.sun.javafx.scene.control.behavior.ButtonBehavior.mouseReleased(ButtonBehavior.java:182) ~[jfxrt.jar:?]
	at com.sun.javafx.scene.control.skin.BehaviorSkinBase$1.handle(BehaviorSkinBase.java:96) ~[jfxrt.jar:?]
	at com.sun.javafx.scene.control.skin.BehaviorSkinBase$1.handle(BehaviorSkinBase.java:89) ~[jfxrt.jar:?]
	at com.sun.javafx.event.CompositeEventHandler$NormalEventHandlerRecord.handleBubblingEvent(CompositeEventHandler.java:218) ~[jfxrt.jar:?]
	at com.sun.javafx.event.CompositeEventHandler.dispatchBubblingEvent(CompositeEventHandler.java:80) ~[jfxrt.jar:?]
	at com.sun.javafx.event.EventHandlerManager.dispatchBubblingEvent(EventHandlerManager.java:238) ~[jfxrt.jar:?]
	at com.sun.javafx.event.EventHandlerManager.dispatchBubblingEvent(EventHandlerManager.java:191) ~[jfxrt.jar:?]
	at com.sun.javafx.event.CompositeEventDispatcher.dispatchBubblingEvent(CompositeEventDispatcher.java:59) ~[jfxrt.jar:?]
	at com.sun.javafx.event.BasicEventDispatcher.dispatchEvent(BasicEventDispatcher.java:58) ~[jfxrt.jar:?]
	at com.sun.javafx.event.EventDispatchChainImpl.dispatchEvent(EventDispatchChainImpl.java:114) ~[jfxrt.jar:?]
	at com.sun.javafx.event.BasicEventDispatcher.dispatchEvent(BasicEventDispatcher.java:56) ~[jfxrt.jar:?]
	at com.sun.javafx.event.EventDispatchChainImpl.dispatchEvent(EventDispatchChainImpl.java:114) ~[jfxrt.jar:?]
	at com.sun.javafx.event.BasicEventDispatcher.dispatchEvent(BasicEventDispatcher.java:56) ~[jfxrt.jar:?]
	at com.sun.javafx.event.EventDispatchChainImpl.dispatchEvent(EventDispatchChainImpl.java:114) ~[jfxrt.jar:?]
	at com.sun.javafx.event.EventUtil.fireEventImpl(EventUtil.java:74) ~[jfxrt.jar:?]
	at com.sun.javafx.event.EventUtil.fireEvent(EventUtil.java:54) ~[jfxrt.jar:?]
	at javafx.event.Event.fireEvent(Event.java:198) ~[jfxrt.jar:?]
	at javafx.scene.Scene$MouseHandler.process(Scene.java:3757) ~[jfxrt.jar:?]
	at javafx.scene.Scene$MouseHandler.access$1500(Scene.java:3485) ~[jfxrt.jar:?]
	at javafx.scene.Scene.impl_processMouseEvent(Scene.java:1762) ~[jfxrt.jar:?]
	at javafx.scene.Scene$ScenePeerListener.mouseEvent(Scene.java:2494) ~[jfxrt.jar:?]
	at com.sun.javafx.tk.quantum.GlassViewEventHandler$MouseEventNotification.run(GlassViewEventHandler.java:381) ~[jfxrt.jar:?]
	at com.sun.javafx.tk.quantum.GlassViewEventHandler$MouseEventNotification.run(GlassViewEventHandler.java:295) ~[jfxrt.jar:?]
	at java.security.AccessController.doPrivileged(Native Method) ~[?:1.8.0_144]
	at com.sun.javafx.tk.quantum.GlassViewEventHandler.lambda$handleMouseEvent$354(GlassViewEventHandler.java:417) ~[jfxrt.jar:?]
	at com.sun.javafx.tk.quantum.QuantumToolkit.runWithoutRenderLock(QuantumToolkit.java:389) ~[jfxrt.jar:?]
	at com.sun.javafx.tk.quantum.GlassViewEventHandler.handleMouseEvent(GlassViewEventHandler.java:416) ~[jfxrt.jar:?]
	at com.sun.glass.ui.View.handleMouseEvent(View.java:555) ~[jfxrt.jar:?]
	at com.sun.glass.ui.View.notifyMouse(View.java:937) ~[jfxrt.jar:?]
	at com.sun.glass.ui.win.WinApplication._runLoop(Native Method) ~[jfxrt.jar:?]
	at com.sun.glass.ui.win.WinApplication.lambda$null$148(WinApplication.java:191) ~[jfxrt.jar:?]
	at java.lang.Thread.run(Thread.java:748) [?:1.8.0_144]
2018-09-30 09:06:37.304 [JavaFX Application Thread] INFO  expense.L0gController - User successfully logged in 
2018-09-30 09:15:29.141 [JavaFX Application Thread] INFO  expense.L0gController - User successfully logged in 
2018-09-30 09:25:58.806 [JavaFX Application Thread] INFO  expense.L0gController - User successfully logged in 
2018-09-30 09:31:02.501 [JavaFX Application Thread] INFO  expense.L0gController - User successfully logged in 
2018-09-30 09:31:59.293 [JavaFX Application Thread] INFO  expense.L0gController - User successfully logged in 
2018-09-30 09:33:52.781 [JavaFX Application Thread] INFO  expense.L0gController - User successfully logged in 
2018-09-30 09:34:59.610 [JavaFX Application Thread] INFO  expense.L0gController - User successfully logged in 
2018-09-30 09:36:38.040 [JavaFX Application Thread] INFO  expense.L0gController - User successfully logged in 
2018-09-30 09:37:43.394 [JavaFX Application Thread] INFO  expense.L0gController - User successfully logged in 
2018-09-30 09:46:58.327 [JavaFX Application Thread] INFO  expense.L0gController - User successfully logged in 
2018-09-30 09:50:58.687 [JavaFX Application Thread] INFO  expense.L0gController - User successfully logged in 
2018-09-30 09:52:20.724 [JavaFX Application Thread] INFO  expense.L0gController - User successfully logged in 
2018-09-30 09:58:24.183 [JavaFX Application Thread] INFO  expense.L0gController - User successfully logged in 
2018-09-30 09:59:26.225 [JavaFX Application Thread] INFO  expense.L0gController - User successfully logged in 
2018-09-30 10:09:38.082 [JavaFX Application Thread] INFO  expense.L0gController - User successfully logged in 
2018-09-30 10:12:18.710 [JavaFX Application Thread] INFO  expense.L0gController - User successfully logged in 
2018-09-30 10:18:49.447 [JavaFX Application Thread] INFO  expense.L0gController - User successfully logged in 
2018-09-30 10:20:50.144 [JavaFX Application Thread] INFO  expense.L0gController - User successfully logged in 
2018-09-30 10:31:29.281 [JavaFX Application Thread] INFO  expense.L0gController - User successfully logged in 
2018-09-30 10:32:17.264 [JavaFX Application Thread] INFO  expense.L0gController - User successfully logged in 
2018-09-30 10:34:40.402 [JavaFX Application Thread] INFO  expense.L0gController - User successfully logged in 
2018-09-30 12:41:11.242 [JavaFX Application Thread] INFO  expense.L0gController - User successfully logged in 
2018-09-30 12:43:13.298 [JavaFX Application Thread] INFO  expense.L0gController - User successfully logged in 
2018-09-30 12:52:44.698 [JavaFX Application Thread] INFO  expense.L0gController - User successfully logged in 
2018-09-30 12:55:02.589 [JavaFX Application Thread] INFO  expense.L0gController - User successfully logged in 
2018-09-30 16:35:21.109 [JavaFX Application Thread] INFO  expense.L0gController - User successfully logged in 
2018-09-30 17:02:32.947 [JavaFX Application Thread] INFO  expense.L0gController - User successfully logged in 
2018-09-30 17:26:12.820 [JavaFX Application Thread] INFO  expense.L0gController - User successfully logged in 
2018-09-30 17:52:26.407 [JavaFX Application Thread] INFO  expense.L0gController - User successfully logged in 
2018-09-30 17:55:30.942 [JavaFX Application Thread] INFO  expense.L0gController - User successfully logged in 
2018-09-30 18:00:07.686 [JavaFX Application Thread] INFO  expense.L0gController - User successfully logged in 
2018-09-30 18:04:39.419 [JavaFX Application Thread] INFO  expense.L0gController - User successfully logged in 
2018-09-30 18:07:09.150 [JavaFX Application Thread] INFO  expense.L0gController - User successfully logged in 
2018-09-30 18:12:47.267 [JavaFX Application Thread] INFO  expense.L0gController - User successfully logged in 
2018-09-30 18:15:46.733 [JavaFX Application Thread] INFO  expense.L0gController - User successfully logged in 
2018-09-30 18:04:21.620 [JavaFX Application Thread] INFO  expense.L0gController - User successfully logged in 
2018-09-30 18:04:51.570 [JavaFX Application Thread] ERROR real.database.DatabaseHandler - {}
java.lang.NullPointerException: null
	at real.database.DatabaseHandler.getDBTables(DatabaseHandler.java:128) ~[RealDriving.jar:1.0]
	at real.database.DatabaseHandler.inflateDB(DatabaseHandler.java:61) ~[RealDriving.jar:1.0]
	at real.database.DatabaseHandler.<clinit>(DatabaseHandler.java:45) ~[RealDriving.jar:1.0]
	at enqure.EnqureController.tablodoldur(EnqureController.java:72) ~[RealDriving.jar:1.0]
	at enqure.EnqureController.initialize(EnqureController.java:59) ~[RealDriving.jar:1.0]
	at javafx.fxml.FXMLLoader.loadImpl(FXMLLoader.java:2548) ~[jfxrt.jar:?]
	at javafx.fxml.FXMLLoader.loadImpl(FXMLLoader.java:2441) ~[jfxrt.jar:?]
	at javafx.fxml.FXMLLoader.loadImpl(FXMLLoader.java:3214) ~[jfxrt.jar:?]
	at javafx.fxml.FXMLLoader.loadImpl(FXMLLoader.java:3175) ~[jfxrt.jar:?]
	at javafx.fxml.FXMLLoader.loadImpl(FXMLLoader.java:3148) ~[jfxrt.jar:?]
	at javafx.fxml.FXMLLoader.loadImpl(FXMLLoader.java:3124) ~[jfxrt.jar:?]
	at javafx.fxml.FXMLLoader.loadImpl(FXMLLoader.java:3104) ~[jfxrt.jar:?]
	at javafx.fxml.FXMLLoader.load(FXMLLoader.java:3097) ~[jfxrt.jar:?]
	at realdriving.FXMLDocumentController.centre(FXMLDocumentController.java:74) ~[RealDriving.jar:1.0]
	at realdriving.FXMLDocumentController.enquiry(FXMLDocumentController.java:110) ~[RealDriving.jar:1.0]
	at sun.reflect.NativeMethodAccessorImpl.invoke0(Native Method) ~[?:1.8.0_144]
	at sun.reflect.NativeMethodAccessorImpl.invoke(NativeMethodAccessorImpl.java:62) ~[?:1.8.0_144]
	at sun.reflect.DelegatingMethodAccessorImpl.invoke(DelegatingMethodAccessorImpl.java:43) ~[?:1.8.0_144]
	at java.lang.reflect.Method.invoke(Method.java:498) ~[?:1.8.0_144]
	at sun.reflect.misc.Trampoline.invoke(MethodUtil.java:71) ~[?:1.8.0_144]
	at sun.reflect.GeneratedMethodAccessor1.invoke(Unknown Source) ~[?:?]
	at sun.reflect.DelegatingMethodAccessorImpl.invoke(DelegatingMethodAccessorImpl.java:43) ~[?:1.8.0_144]
	at java.lang.reflect.Method.invoke(Method.java:498) ~[?:1.8.0_144]
	at sun.reflect.misc.MethodUtil.invoke(MethodUtil.java:275) ~[?:1.8.0_144]
	at javafx.fxml.FXMLLoader$MethodHandler.invoke(FXMLLoader.java:1769) ~[jfxrt.jar:?]
	at javafx.fxml.FXMLLoader$ControllerMethodEventHandler.handle(FXMLLoader.java:1657) ~[jfxrt.jar:?]
	at com.sun.javafx.event.CompositeEventHandler.dispatchBubblingEvent(CompositeEventHandler.java:86) ~[jfxrt.jar:?]
	at com.sun.javafx.event.EventHandlerManager.dispatchBubblingEvent(EventHandlerManager.java:238) ~[jfxrt.jar:?]
	at com.sun.javafx.event.EventHandlerManager.dispatchBubblingEvent(EventHandlerManager.java:191) ~[jfxrt.jar:?]
	at com.sun.javafx.event.CompositeEventDispatcher.dispatchBubblingEvent(CompositeEventDispatcher.java:59) ~[jfxrt.jar:?]
	at com.sun.javafx.event.BasicEventDispatcher.dispatchEvent(BasicEventDispatcher.java:58) ~[jfxrt.jar:?]
	at com.sun.javafx.event.EventDispatchChainImpl.dispatchEvent(EventDispatchChainImpl.java:114) ~[jfxrt.jar:?]
	at com.sun.javafx.event.BasicEventDispatcher.dispatchEvent(BasicEventDispatcher.java:56) ~[jfxrt.jar:?]
	at com.sun.javafx.event.EventDispatchChainImpl.dispatchEvent(EventDispatchChainImpl.java:114) ~[jfxrt.jar:?]
	at com.sun.javafx.event.BasicEventDispatcher.dispatchEvent(BasicEventDispatcher.java:56) ~[jfxrt.jar:?]
	at com.sun.javafx.event.EventDispatchChainImpl.dispatchEvent(EventDispatchChainImpl.java:114) ~[jfxrt.jar:?]
	at com.sun.javafx.event.EventUtil.fireEventImpl(EventUtil.java:74) ~[jfxrt.jar:?]
	at com.sun.javafx.event.EventUtil.fireEvent(EventUtil.java:49) ~[jfxrt.jar:?]
	at javafx.event.Event.fireEvent(Event.java:198) ~[jfxrt.jar:?]
	at javafx.scene.Node.fireEvent(Node.java:8413) ~[jfxrt.jar:?]
	at javafx.scene.control.Button.fire(Button.java:185) ~[jfxrt.jar:?]
	at com.sun.javafx.scene.control.behavior.ButtonBehavior.mouseReleased(ButtonBehavior.java:182) ~[jfxrt.jar:?]
	at com.sun.javafx.scene.control.skin.BehaviorSkinBase$1.handle(BehaviorSkinBase.java:96) ~[jfxrt.jar:?]
	at com.sun.javafx.scene.control.skin.BehaviorSkinBase$1.handle(BehaviorSkinBase.java:89) ~[jfxrt.jar:?]
	at com.sun.javafx.event.CompositeEventHandler$NormalEventHandlerRecord.handleBubblingEvent(CompositeEventHandler.java:218) ~[jfxrt.jar:?]
	at com.sun.javafx.event.CompositeEventHandler.dispatchBubblingEvent(CompositeEventHandler.java:80) ~[jfxrt.jar:?]
	at com.sun.javafx.event.EventHandlerManager.dispatchBubblingEvent(EventHandlerManager.java:238) ~[jfxrt.jar:?]
	at com.sun.javafx.event.EventHandlerManager.dispatchBubblingEvent(EventHandlerManager.java:191) ~[jfxrt.jar:?]
	at com.sun.javafx.event.CompositeEventDispatcher.dispatchBubblingEvent(CompositeEventDispatcher.java:59) ~[jfxrt.jar:?]
	at com.sun.javafx.event.BasicEventDispatcher.dispatchEvent(BasicEventDispatcher.java:58) ~[jfxrt.jar:?]
	at com.sun.javafx.event.EventDispatchChainImpl.dispatchEvent(EventDispatchChainImpl.java:114) ~[jfxrt.jar:?]
	at com.sun.javafx.event.BasicEventDispatcher.dispatchEvent(BasicEventDispatcher.java:56) ~[jfxrt.jar:?]
	at com.sun.javafx.event.EventDispatchChainImpl.dispatchEvent(EventDispatchChainImpl.java:114) ~[jfxrt.jar:?]
	at com.sun.javafx.event.BasicEventDispatcher.dispatchEvent(BasicEventDispatcher.java:56) ~[jfxrt.jar:?]
	at com.sun.javafx.event.EventDispatchChainImpl.dispatchEvent(EventDispatchChainImpl.java:114) ~[jfxrt.jar:?]
	at com.sun.javafx.event.EventUtil.fireEventImpl(EventUtil.java:74) ~[jfxrt.jar:?]
	at com.sun.javafx.event.EventUtil.fireEvent(EventUtil.java:54) ~[jfxrt.jar:?]
	at javafx.event.Event.fireEvent(Event.java:198) ~[jfxrt.jar:?]
	at javafx.scene.Scene$MouseHandler.process(Scene.java:3757) ~[jfxrt.jar:?]
	at javafx.scene.Scene$MouseHandler.access$1500(Scene.java:3485) ~[jfxrt.jar:?]
	at javafx.scene.Scene.impl_processMouseEvent(Scene.java:1762) ~[jfxrt.jar:?]
	at javafx.scene.Scene$ScenePeerListener.mouseEvent(Scene.java:2494) ~[jfxrt.jar:?]
	at com.sun.javafx.tk.quantum.GlassViewEventHandler$MouseEventNotification.run(GlassViewEventHandler.java:381) ~[jfxrt.jar:?]
	at com.sun.javafx.tk.quantum.GlassViewEventHandler$MouseEventNotification.run(GlassViewEventHandler.java:295) ~[jfxrt.jar:?]
	at java.security.AccessController.doPrivileged(Native Method) ~[?:1.8.0_144]
	at com.sun.javafx.tk.quantum.GlassViewEventHandler.lambda$handleMouseEvent$354(GlassViewEventHandler.java:417) ~[jfxrt.jar:?]
	at com.sun.javafx.tk.quantum.QuantumToolkit.runWithoutRenderLock(QuantumToolkit.java:389) ~[jfxrt.jar:?]
	at com.sun.javafx.tk.quantum.GlassViewEventHandler.handleMouseEvent(GlassViewEventHandler.java:416) ~[jfxrt.jar:?]
	at com.sun.glass.ui.View.handleMouseEvent(View.java:555) ~[jfxrt.jar:?]
	at com.sun.glass.ui.View.notifyMouse(View.java:937) ~[jfxrt.jar:?]
	at com.sun.glass.ui.win.WinApplication._runLoop(Native Method) ~[jfxrt.jar:?]
	at com.sun.glass.ui.win.WinApplication.lambda$null$148(WinApplication.java:191) ~[jfxrt.jar:?]
	at java.lang.Thread.run(Thread.java:748) [?:1.8.0_144]
2018-09-30 18:08:00.600 [JavaFX Application Thread] INFO  expense.L0gController - User successfully logged in 
2018-09-30 18:08:44.451 [JavaFX Application Thread] ERROR real.database.DatabaseHandler - {}
java.lang.NullPointerException: null
	at real.database.DatabaseHandler.getDBTables(DatabaseHandler.java:128) ~[RealDriving.jar:1.0]
	at real.database.DatabaseHandler.inflateDB(DatabaseHandler.java:61) ~[RealDriving.jar:1.0]
	at real.database.DatabaseHandler.<clinit>(DatabaseHandler.java:45) ~[RealDriving.jar:1.0]
	at government.GovenmentController.loadcol(GovenmentController.java:118) ~[RealDriving.jar:1.0]
	at government.GovenmentController.initialize(GovenmentController.java:64) ~[RealDriving.jar:1.0]
	at javafx.fxml.FXMLLoader.loadImpl(FXMLLoader.java:2548) ~[jfxrt.jar:?]
	at javafx.fxml.FXMLLoader.loadImpl(FXMLLoader.java:2441) ~[jfxrt.jar:?]
	at javafx.fxml.FXMLLoader.loadImpl(FXMLLoader.java:3214) ~[jfxrt.jar:?]
	at javafx.fxml.FXMLLoader.loadImpl(FXMLLoader.java:3175) ~[jfxrt.jar:?]
	at javafx.fxml.FXMLLoader.loadImpl(FXMLLoader.java:3148) ~[jfxrt.jar:?]
	at javafx.fxml.FXMLLoader.loadImpl(FXMLLoader.java:3124) ~[jfxrt.jar:?]
	at javafx.fxml.FXMLLoader.loadImpl(FXMLLoader.java:3104) ~[jfxrt.jar:?]
	at javafx.fxml.FXMLLoader.load(FXMLLoader.java:3097) ~[jfxrt.jar:?]
	at realdriving.FXMLDocumentController.centre(FXMLDocumentController.java:74) ~[RealDriving.jar:1.0]
	at realdriving.FXMLDocumentController.gok(FXMLDocumentController.java:183) ~[RealDriving.jar:1.0]
	at sun.reflect.NativeMethodAccessorImpl.invoke0(Native Method) ~[?:1.8.0_144]
	at sun.reflect.NativeMethodAccessorImpl.invoke(NativeMethodAccessorImpl.java:62) ~[?:1.8.0_144]
	at sun.reflect.DelegatingMethodAccessorImpl.invoke(DelegatingMethodAccessorImpl.java:43) ~[?:1.8.0_144]
	at java.lang.reflect.Method.invoke(Method.java:498) ~[?:1.8.0_144]
	at sun.reflect.misc.Trampoline.invoke(MethodUtil.java:71) ~[?:1.8.0_144]
	at sun.reflect.GeneratedMethodAccessor1.invoke(Unknown Source) ~[?:?]
	at sun.reflect.DelegatingMethodAccessorImpl.invoke(DelegatingMethodAccessorImpl.java:43) ~[?:1.8.0_144]
	at java.lang.reflect.Method.invoke(Method.java:498) ~[?:1.8.0_144]
	at sun.reflect.misc.MethodUtil.invoke(MethodUtil.java:275) ~[?:1.8.0_144]
	at javafx.fxml.FXMLLoader$MethodHandler.invoke(FXMLLoader.java:1769) ~[jfxrt.jar:?]
	at javafx.fxml.FXMLLoader$ControllerMethodEventHandler.handle(FXMLLoader.java:1657) ~[jfxrt.jar:?]
	at com.sun.javafx.event.CompositeEventHandler.dispatchBubblingEvent(CompositeEventHandler.java:86) ~[jfxrt.jar:?]
	at com.sun.javafx.event.EventHandlerManager.dispatchBubblingEvent(EventHandlerManager.java:238) ~[jfxrt.jar:?]
	at com.sun.javafx.event.EventHandlerManager.dispatchBubblingEvent(EventHandlerManager.java:191) ~[jfxrt.jar:?]
	at com.sun.javafx.event.CompositeEventDispatcher.dispatchBubblingEvent(CompositeEventDispatcher.java:59) ~[jfxrt.jar:?]
	at com.sun.javafx.event.BasicEventDispatcher.dispatchEvent(BasicEventDispatcher.java:58) ~[jfxrt.jar:?]
	at com.sun.javafx.event.EventDispatchChainImpl.dispatchEvent(EventDispatchChainImpl.java:114) ~[jfxrt.jar:?]
	at com.sun.javafx.event.BasicEventDispatcher.dispatchEvent(BasicEventDispatcher.java:56) ~[jfxrt.jar:?]
	at com.sun.javafx.event.EventDispatchChainImpl.dispatchEvent(EventDispatchChainImpl.java:114) ~[jfxrt.jar:?]
	at com.sun.javafx.event.BasicEventDispatcher.dispatchEvent(BasicEventDispatcher.java:56) ~[jfxrt.jar:?]
	at com.sun.javafx.event.EventDispatchChainImpl.dispatchEvent(EventDispatchChainImpl.java:114) ~[jfxrt.jar:?]
	at com.sun.javafx.event.EventUtil.fireEventImpl(EventUtil.java:74) ~[jfxrt.jar:?]
	at com.sun.javafx.event.EventUtil.fireEvent(EventUtil.java:49) ~[jfxrt.jar:?]
	at javafx.event.Event.fireEvent(Event.java:198) ~[jfxrt.jar:?]
	at javafx.scene.Node.fireEvent(Node.java:8413) ~[jfxrt.jar:?]
	at javafx.scene.control.Button.fire(Button.java:185) ~[jfxrt.jar:?]
	at com.sun.javafx.scene.control.behavior.ButtonBehavior.mouseReleased(ButtonBehavior.java:182) ~[jfxrt.jar:?]
	at com.sun.javafx.scene.control.skin.BehaviorSkinBase$1.handle(BehaviorSkinBase.java:96) ~[jfxrt.jar:?]
	at com.sun.javafx.scene.control.skin.BehaviorSkinBase$1.handle(BehaviorSkinBase.java:89) ~[jfxrt.jar:?]
	at com.sun.javafx.event.CompositeEventHandler$NormalEventHandlerRecord.handleBubblingEvent(CompositeEventHandler.java:218) ~[jfxrt.jar:?]
	at com.sun.javafx.event.CompositeEventHandler.dispatchBubblingEvent(CompositeEventHandler.java:80) ~[jfxrt.jar:?]
	at com.sun.javafx.event.EventHandlerManager.dispatchBubblingEvent(EventHandlerManager.java:238) ~[jfxrt.jar:?]
	at com.sun.javafx.event.EventHandlerManager.dispatchBubblingEvent(EventHandlerManager.java:191) ~[jfxrt.jar:?]
	at com.sun.javafx.event.CompositeEventDispatcher.dispatchBubblingEvent(CompositeEventDispatcher.java:59) ~[jfxrt.jar:?]
	at com.sun.javafx.event.BasicEventDispatcher.dispatchEvent(BasicEventDispatcher.java:58) ~[jfxrt.jar:?]
	at com.sun.javafx.event.EventDispatchChainImpl.dispatchEvent(EventDispatchChainImpl.java:114) ~[jfxrt.jar:?]
	at com.sun.javafx.event.BasicEventDispatcher.dispatchEvent(BasicEventDispatcher.java:56) ~[jfxrt.jar:?]
	at com.sun.javafx.event.EventDispatchChainImpl.dispatchEvent(EventDispatchChainImpl.java:114) ~[jfxrt.jar:?]
	at com.sun.javafx.event.BasicEventDispatcher.dispatchEvent(BasicEventDispatcher.java:56) ~[jfxrt.jar:?]
	at com.sun.javafx.event.EventDispatchChainImpl.dispatchEvent(EventDispatchChainImpl.java:114) ~[jfxrt.jar:?]
	at com.sun.javafx.event.EventUtil.fireEventImpl(EventUtil.java:74) ~[jfxrt.jar:?]
	at com.sun.javafx.event.EventUtil.fireEvent(EventUtil.java:54) ~[jfxrt.jar:?]
	at javafx.event.Event.fireEvent(Event.java:198) ~[jfxrt.jar:?]
	at javafx.scene.Scene$MouseHandler.process(Scene.java:3757) ~[jfxrt.jar:?]
	at javafx.scene.Scene$MouseHandler.access$1500(Scene.java:3485) ~[jfxrt.jar:?]
	at javafx.scene.Scene.impl_processMouseEvent(Scene.java:1762) ~[jfxrt.jar:?]
	at javafx.scene.Scene$ScenePeerListener.mouseEvent(Scene.java:2494) ~[jfxrt.jar:?]
	at com.sun.javafx.tk.quantum.GlassViewEventHandler$MouseEventNotification.run(GlassViewEventHandler.java:381) ~[jfxrt.jar:?]
	at com.sun.javafx.tk.quantum.GlassViewEventHandler$MouseEventNotification.run(GlassViewEventHandler.java:295) ~[jfxrt.jar:?]
	at java.security.AccessController.doPrivileged(Native Method) ~[?:1.8.0_144]
	at com.sun.javafx.tk.quantum.GlassViewEventHandler.lambda$handleMouseEvent$354(GlassViewEventHandler.java:417) ~[jfxrt.jar:?]
	at com.sun.javafx.tk.quantum.QuantumToolkit.runWithoutRenderLock(QuantumToolkit.java:389) ~[jfxrt.jar:?]
	at com.sun.javafx.tk.quantum.GlassViewEventHandler.handleMouseEvent(GlassViewEventHandler.java:416) ~[jfxrt.jar:?]
	at com.sun.glass.ui.View.handleMouseEvent(View.java:555) ~[jfxrt.jar:?]
	at com.sun.glass.ui.View.notifyMouse(View.java:937) ~[jfxrt.jar:?]
	at com.sun.glass.ui.win.WinApplication._runLoop(Native Method) ~[jfxrt.jar:?]
	at com.sun.glass.ui.win.WinApplication.lambda$null$148(WinApplication.java:191) ~[jfxrt.jar:?]
	at java.lang.Thread.run(Thread.java:748) [?:1.8.0_144]
2018-09-30 18:09:45.603 [JavaFX Application Thread] INFO  expense.L0gController - User successfully logged in 
2018-09-30 18:10:47.310 [JavaFX Application Thread] INFO  expense.L0gController - User successfully logged in 
2018-09-30 18:12:34.359 [JavaFX Application Thread] INFO  expense.L0gController - User successfully logged in 
2018-09-30 18:20:25.076 [JavaFX Application Thread] INFO  expense.L0gController - User successfully logged in 
2018-09-30 18:20:55.084 [JavaFX Application Thread] ERROR real.database.DatabaseHandler - {}
java.lang.NullPointerException: null
	at real.database.DatabaseHandler.getDBTables(DatabaseHandler.java:128) ~[RealDriving.jar:1.0]
	at real.database.DatabaseHandler.inflateDB(DatabaseHandler.java:61) ~[RealDriving.jar:1.0]
	at real.database.DatabaseHandler.<clinit>(DatabaseHandler.java:45) ~[RealDriving.jar:1.0]
	at report.DailyController.data1(DailyController.java:163) ~[RealDriving.jar:1.0]
	at report.DailyController.load(DailyController.java:338) ~[RealDriving.jar:1.0]
	at report.DailyController.loadreco(DailyController.java:222) ~[RealDriving.jar:1.0]
	at sun.reflect.NativeMethodAccessorImpl.invoke0(Native Method) ~[?:1.8.0_144]
	at sun.reflect.NativeMethodAccessorImpl.invoke(NativeMethodAccessorImpl.java:62) ~[?:1.8.0_144]
	at sun.reflect.DelegatingMethodAccessorImpl.invoke(DelegatingMethodAccessorImpl.java:43) ~[?:1.8.0_144]
	at java.lang.reflect.Method.invoke(Method.java:498) ~[?:1.8.0_144]
	at sun.reflect.misc.Trampoline.invoke(MethodUtil.java:71) ~[?:1.8.0_144]
	at sun.reflect.GeneratedMethodAccessor1.invoke(Unknown Source) ~[?:?]
	at sun.reflect.DelegatingMethodAccessorImpl.invoke(DelegatingMethodAccessorImpl.java:43) ~[?:1.8.0_144]
	at java.lang.reflect.Method.invoke(Method.java:498) ~[?:1.8.0_144]
	at sun.reflect.misc.MethodUtil.invoke(MethodUtil.java:275) ~[?:1.8.0_144]
	at javafx.fxml.FXMLLoader$MethodHandler.invoke(FXMLLoader.java:1769) ~[jfxrt.jar:?]
	at javafx.fxml.FXMLLoader$ControllerMethodEventHandler.handle(FXMLLoader.java:1657) ~[jfxrt.jar:?]
	at com.sun.javafx.event.CompositeEventHandler.dispatchBubblingEvent(CompositeEventHandler.java:86) ~[jfxrt.jar:?]
	at com.sun.javafx.event.EventHandlerManager.dispatchBubblingEvent(EventHandlerManager.java:238) ~[jfxrt.jar:?]
	at com.sun.javafx.event.EventHandlerManager.dispatchBubblingEvent(EventHandlerManager.java:191) ~[jfxrt.jar:?]
	at com.sun.javafx.event.CompositeEventDispatcher.dispatchBubblingEvent(CompositeEventDispatcher.java:59) ~[jfxrt.jar:?]
	at com.sun.javafx.event.BasicEventDispatcher.dispatchEvent(BasicEventDispatcher.java:58) ~[jfxrt.jar:?]
	at com.sun.javafx.event.EventDispatchChainImpl.dispatchEvent(EventDispatchChainImpl.java:114) ~[jfxrt.jar:?]
	at com.sun.javafx.event.BasicEventDispatcher.dispatchEvent(BasicEventDispatcher.java:56) ~[jfxrt.jar:?]
	at com.sun.javafx.event.EventDispatchChainImpl.dispatchEvent(EventDispatchChainImpl.java:114) ~[jfxrt.jar:?]
	at com.sun.javafx.event.BasicEventDispatcher.dispatchEvent(BasicEventDispatcher.java:56) ~[jfxrt.jar:?]
	at com.sun.javafx.event.EventDispatchChainImpl.dispatchEvent(EventDispatchChainImpl.java:114) ~[jfxrt.jar:?]
	at com.sun.javafx.event.BasicEventDispatcher.dispatchEvent(BasicEventDispatcher.java:56) ~[jfxrt.jar:?]
	at com.sun.javafx.event.EventDispatchChainImpl.dispatchEvent(EventDispatchChainImpl.java:114) ~[jfxrt.jar:?]
	at com.sun.javafx.event.EventUtil.fireEventImpl(EventUtil.java:74) ~[jfxrt.jar:?]
	at com.sun.javafx.event.EventUtil.fireEvent(EventUtil.java:49) ~[jfxrt.jar:?]
	at javafx.event.Event.fireEvent(Event.java:198) ~[jfxrt.jar:?]
	at javafx.scene.Node.fireEvent(Node.java:8413) ~[jfxrt.jar:?]
	at javafx.scene.control.Button.fire(Button.java:185) ~[jfxrt.jar:?]
	at com.sun.javafx.scene.control.behavior.ButtonBehavior.mouseReleased(ButtonBehavior.java:182) ~[jfxrt.jar:?]
	at com.sun.javafx.scene.control.skin.BehaviorSkinBase$1.handle(BehaviorSkinBase.java:96) ~[jfxrt.jar:?]
	at com.sun.javafx.scene.control.skin.BehaviorSkinBase$1.handle(BehaviorSkinBase.java:89) ~[jfxrt.jar:?]
	at com.sun.javafx.event.CompositeEventHandler$NormalEventHandlerRecord.handleBubblingEvent(CompositeEventHandler.java:218) ~[jfxrt.jar:?]
	at com.sun.javafx.event.CompositeEventHandler.dispatchBubblingEvent(CompositeEventHandler.java:80) ~[jfxrt.jar:?]
	at com.sun.javafx.event.EventHandlerManager.dispatchBubblingEvent(EventHandlerManager.java:238) ~[jfxrt.jar:?]
	at com.sun.javafx.event.EventHandlerManager.dispatchBubblingEvent(EventHandlerManager.java:191) ~[jfxrt.jar:?]
	at com.sun.javafx.event.CompositeEventDispatcher.dispatchBubblingEvent(CompositeEventDispatcher.java:59) ~[jfxrt.jar:?]
	at com.sun.javafx.event.BasicEventDispatcher.dispatchEvent(BasicEventDispatcher.java:58) ~[jfxrt.jar:?]
	at com.sun.javafx.event.EventDispatchChainImpl.dispatchEvent(EventDispatchChainImpl.java:114) ~[jfxrt.jar:?]
	at com.sun.javafx.event.BasicEventDispatcher.dispatchEvent(BasicEventDispatcher.java:56) ~[jfxrt.jar:?]
	at com.sun.javafx.event.EventDispatchChainImpl.dispatchEvent(EventDispatchChainImpl.java:114) ~[jfxrt.jar:?]
	at com.sun.javafx.event.BasicEventDispatcher.dispatchEvent(BasicEventDispatcher.java:56) ~[jfxrt.jar:?]
	at com.sun.javafx.event.EventDispatchChainImpl.dispatchEvent(EventDispatchChainImpl.java:114) ~[jfxrt.jar:?]
	at com.sun.javafx.event.BasicEventDispatcher.dispatchEvent(BasicEventDispatcher.java:56) ~[jfxrt.jar:?]
	at com.sun.javafx.event.EventDispatchChainImpl.dispatchEvent(EventDispatchChainImpl.java:114) ~[jfxrt.jar:?]
	at com.sun.javafx.event.EventUtil.fireEventImpl(EventUtil.java:74) ~[jfxrt.jar:?]
	at com.sun.javafx.event.EventUtil.fireEvent(EventUtil.java:54) ~[jfxrt.jar:?]
	at javafx.event.Event.fireEvent(Event.java:198) ~[jfxrt.jar:?]
	at javafx.scene.Scene$MouseHandler.process(Scene.java:3757) ~[jfxrt.jar:?]
	at javafx.scene.Scene$MouseHandler.access$1500(Scene.java:3485) ~[jfxrt.jar:?]
	at javafx.scene.Scene.impl_processMouseEvent(Scene.java:1762) ~[jfxrt.jar:?]
	at javafx.scene.Scene$ScenePeerListener.mouseEvent(Scene.java:2494) ~[jfxrt.jar:?]
	at com.sun.javafx.tk.quantum.GlassViewEventHandler$MouseEventNotification.run(GlassViewEventHandler.java:381) ~[jfxrt.jar:?]
	at com.sun.javafx.tk.quantum.GlassViewEventHandler$MouseEventNotification.run(GlassViewEventHandler.java:295) ~[jfxrt.jar:?]
	at java.security.AccessController.doPrivileged(Native Method) ~[?:1.8.0_144]
	at com.sun.javafx.tk.quantum.GlassViewEventHandler.lambda$handleMouseEvent$354(GlassViewEventHandler.java:417) ~[jfxrt.jar:?]
	at com.sun.javafx.tk.quantum.QuantumToolkit.runWithoutRenderLock(QuantumToolkit.java:389) ~[jfxrt.jar:?]
	at com.sun.javafx.tk.quantum.GlassViewEventHandler.handleMouseEvent(GlassViewEventHandler.java:416) ~[jfxrt.jar:?]
	at com.sun.glass.ui.View.handleMouseEvent(View.java:555) ~[jfxrt.jar:?]
	at com.sun.glass.ui.View.notifyMouse(View.java:937) ~[jfxrt.jar:?]
	at com.sun.glass.ui.win.WinApplication._runLoop(Native Method) ~[jfxrt.jar:?]
	at com.sun.glass.ui.win.WinApplication.lambda$null$148(WinApplication.java:191) ~[jfxrt.jar:?]
	at java.lang.Thread.run(Thread.java:748) [?:1.8.0_144]
2018-09-30 18:22:56.458 [JavaFX Application Thread] INFO  expense.L0gController - User successfully logged in 
2018-09-30 19:22:03.837 [JavaFX Application Thread] INFO  expense.L0gController - User successfully logged in 
2018-09-30 19:23:09.741 [JavaFX Application Thread] ERROR real.database.DatabaseHandler - {}
java.sql.SQLException: No value specified for parameter 10
	at com.mysql.jdbc.SQLError.createSQLException(SQLError.java:1074) ~[mysql-connector-java-5.1.23-bin.jar:?]
	at com.mysql.jdbc.SQLError.createSQLException(SQLError.java:988) ~[mysql-connector-java-5.1.23-bin.jar:?]
	at com.mysql.jdbc.SQLError.createSQLException(SQLError.java:974) ~[mysql-connector-java-5.1.23-bin.jar:?]
	at com.mysql.jdbc.SQLError.createSQLException(SQLError.java:919) ~[mysql-connector-java-5.1.23-bin.jar:?]
	at com.mysql.jdbc.PreparedStatement.checkAllParametersSet(PreparedStatement.java:2611) ~[mysql-connector-java-5.1.23-bin.jar:?]
	at com.mysql.jdbc.PreparedStatement.fillSendPacket(PreparedStatement.java:2586) ~[mysql-connector-java-5.1.23-bin.jar:?]
	at com.mysql.jdbc.PreparedStatement.executeUpdate(PreparedStatement.java:2432) ~[mysql-connector-java-5.1.23-bin.jar:?]
	at com.mysql.jdbc.PreparedStatement.executeUpdate(PreparedStatement.java:2375) ~[mysql-connector-java-5.1.23-bin.jar:?]
	at com.mysql.jdbc.PreparedStatement.executeUpdate(PreparedStatement.java:2359) ~[mysql-connector-java-5.1.23-bin.jar:?]
	at real.database.DataHelper.insertNewMember(DataHelper.java:38) ~[RealDriving.jar:1.0]
	at newstudents.NewstudentController.save(NewstudentController.java:121) ~[RealDriving.jar:1.0]
	at sun.reflect.NativeMethodAccessorImpl.invoke0(Native Method) ~[?:1.8.0_144]
	at sun.reflect.NativeMethodAccessorImpl.invoke(NativeMethodAccessorImpl.java:62) ~[?:1.8.0_144]
	at sun.reflect.DelegatingMethodAccessorImpl.invoke(DelegatingMethodAccessorImpl.java:43) ~[?:1.8.0_144]
	at java.lang.reflect.Method.invoke(Method.java:498) ~[?:1.8.0_144]
	at sun.reflect.misc.Trampoline.invoke(MethodUtil.java:71) ~[?:1.8.0_144]
	at sun.reflect.GeneratedMethodAccessor1.invoke(Unknown Source) ~[?:?]
	at sun.reflect.DelegatingMethodAccessorImpl.invoke(DelegatingMethodAccessorImpl.java:43) ~[?:1.8.0_144]
	at java.lang.reflect.Method.invoke(Method.java:498) ~[?:1.8.0_144]
	at sun.reflect.misc.MethodUtil.invoke(MethodUtil.java:275) ~[?:1.8.0_144]
	at javafx.fxml.FXMLLoader$MethodHandler.invoke(FXMLLoader.java:1769) ~[jfxrt.jar:?]
	at javafx.fxml.FXMLLoader$ControllerMethodEventHandler.handle(FXMLLoader.java:1657) ~[jfxrt.jar:?]
	at com.sun.javafx.event.CompositeEventHandler.dispatchBubblingEvent(CompositeEventHandler.java:86) ~[jfxrt.jar:?]
	at com.sun.javafx.event.EventHandlerManager.dispatchBubblingEvent(EventHandlerManager.java:238) ~[jfxrt.jar:?]
	at com.sun.javafx.event.EventHandlerManager.dispatchBubblingEvent(EventHandlerManager.java:191) ~[jfxrt.jar:?]
	at com.sun.javafx.event.CompositeEventDispatcher.dispatchBubblingEvent(CompositeEventDispatcher.java:59) ~[jfxrt.jar:?]
	at com.sun.javafx.event.BasicEventDispatcher.dispatchEvent(BasicEventDispatcher.java:58) ~[jfxrt.jar:?]
	at com.sun.javafx.event.EventDispatchChainImpl.dispatchEvent(EventDispatchChainImpl.java:114) ~[jfxrt.jar:?]
	at com.sun.javafx.event.BasicEventDispatcher.dispatchEvent(BasicEventDispatcher.java:56) ~[jfxrt.jar:?]
	at com.sun.javafx.event.EventDispatchChainImpl.dispatchEvent(EventDispatchChainImpl.java:114) ~[jfxrt.jar:?]
	at com.sun.javafx.event.BasicEventDispatcher.dispatchEvent(BasicEventDispatcher.java:56) ~[jfxrt.jar:?]
	at com.sun.javafx.event.EventDispatchChainImpl.dispatchEvent(EventDispatchChainImpl.java:114) ~[jfxrt.jar:?]
	at com.sun.javafx.event.EventUtil.fireEventImpl(EventUtil.java:74) ~[jfxrt.jar:?]
	at com.sun.javafx.event.EventUtil.fireEvent(EventUtil.java:49) ~[jfxrt.jar:?]
	at javafx.event.Event.fireEvent(Event.java:198) ~[jfxrt.jar:?]
	at javafx.scene.Node.fireEvent(Node.java:8413) ~[jfxrt.jar:?]
	at javafx.scene.control.Button.fire(Button.java:185) ~[jfxrt.jar:?]
	at com.sun.javafx.scene.control.behavior.ButtonBehavior.mouseReleased(ButtonBehavior.java:182) ~[jfxrt.jar:?]
	at com.sun.javafx.scene.control.skin.BehaviorSkinBase$1.handle(BehaviorSkinBase.java:96) ~[jfxrt.jar:?]
	at com.sun.javafx.scene.control.skin.BehaviorSkinBase$1.handle(BehaviorSkinBase.java:89) ~[jfxrt.jar:?]
	at com.sun.javafx.event.CompositeEventHandler$NormalEventHandlerRecord.handleBubblingEvent(CompositeEventHandler.java:218) ~[jfxrt.jar:?]
	at com.sun.javafx.event.CompositeEventHandler.dispatchBubblingEvent(CompositeEventHandler.java:80) ~[jfxrt.jar:?]
	at com.sun.javafx.event.EventHandlerManager.dispatchBubblingEvent(EventHandlerManager.java:238) ~[jfxrt.jar:?]
	at com.sun.javafx.event.EventHandlerManager.dispatchBubblingEvent(EventHandlerManager.java:191) ~[jfxrt.jar:?]
	at com.sun.javafx.event.CompositeEventDispatcher.dispatchBubblingEvent(CompositeEventDispatcher.java:59) ~[jfxrt.jar:?]
	at com.sun.javafx.event.BasicEventDispatcher.dispatchEvent(BasicEventDispatcher.java:58) ~[jfxrt.jar:?]
	at com.sun.javafx.event.EventDispatchChainImpl.dispatchEvent(EventDispatchChainImpl.java:114) ~[jfxrt.jar:?]
	at com.sun.javafx.event.BasicEventDispatcher.dispatchEvent(BasicEventDispatcher.java:56) ~[jfxrt.jar:?]
	at com.sun.javafx.event.EventDispatchChainImpl.dispatchEvent(EventDispatchChainImpl.java:114) ~[jfxrt.jar:?]
	at com.sun.javafx.event.BasicEventDispatcher.dispatchEvent(BasicEventDispatcher.java:56) ~[jfxrt.jar:?]
	at com.sun.javafx.event.EventDispatchChainImpl.dispatchEvent(EventDispatchChainImpl.java:114) ~[jfxrt.jar:?]
	at com.sun.javafx.event.EventUtil.fireEventImpl(EventUtil.java:74) ~[jfxrt.jar:?]
	at com.sun.javafx.event.EventUtil.fireEvent(EventUtil.java:54) ~[jfxrt.jar:?]
	at javafx.event.Event.fireEvent(Event.java:198) ~[jfxrt.jar:?]
	at javafx.scene.Scene$MouseHandler.process(Scene.java:3757) ~[jfxrt.jar:?]
	at javafx.scene.Scene$MouseHandler.access$1500(Scene.java:3485) ~[jfxrt.jar:?]
	at javafx.scene.Scene.impl_processMouseEvent(Scene.java:1762) ~[jfxrt.jar:?]
	at javafx.scene.Scene$ScenePeerListener.mouseEvent(Scene.java:2494) ~[jfxrt.jar:?]
	at com.sun.javafx.tk.quantum.GlassViewEventHandler$MouseEventNotification.run(GlassViewEventHandler.java:381) ~[jfxrt.jar:?]
	at com.sun.javafx.tk.quantum.GlassViewEventHandler$MouseEventNotification.run(GlassViewEventHandler.java:295) ~[jfxrt.jar:?]
	at java.security.AccessController.doPrivileged(Native Method) ~[?:1.8.0_144]
	at com.sun.javafx.tk.quantum.GlassViewEventHandler.lambda$handleMouseEvent$354(GlassViewEventHandler.java:417) ~[jfxrt.jar:?]
	at com.sun.javafx.tk.quantum.QuantumToolkit.runWithoutRenderLock(QuantumToolkit.java:389) ~[jfxrt.jar:?]
	at com.sun.javafx.tk.quantum.GlassViewEventHandler.handleMouseEvent(GlassViewEventHandler.java:416) ~[jfxrt.jar:?]
	at com.sun.glass.ui.View.handleMouseEvent(View.java:555) ~[jfxrt.jar:?]
	at com.sun.glass.ui.View.notifyMouse(View.java:937) ~[jfxrt.jar:?]
	at com.sun.glass.ui.win.WinApplication._runLoop(Native Method) ~[jfxrt.jar:?]
	at com.sun.glass.ui.win.WinApplication.lambda$null$148(WinApplication.java:191) ~[jfxrt.jar:?]
	at java.lang.Thread.run(Thread.java:748) [?:1.8.0_144]
2018-09-30 19:23:54.552 [JavaFX Application Thread] ERROR real.database.DatabaseHandler - {}
java.sql.SQLException: No value specified for parameter 10
	at com.mysql.jdbc.SQLError.createSQLException(SQLError.java:1074) ~[mysql-connector-java-5.1.23-bin.jar:?]
	at com.mysql.jdbc.SQLError.createSQLException(SQLError.java:988) ~[mysql-connector-java-5.1.23-bin.jar:?]
	at com.mysql.jdbc.SQLError.createSQLException(SQLError.java:974) ~[mysql-connector-java-5.1.23-bin.jar:?]
	at com.mysql.jdbc.SQLError.createSQLException(SQLError.java:919) ~[mysql-connector-java-5.1.23-bin.jar:?]
	at com.mysql.jdbc.PreparedStatement.checkAllParametersSet(PreparedStatement.java:2611) ~[mysql-connector-java-5.1.23-bin.jar:?]
	at com.mysql.jdbc.PreparedStatement.fillSendPacket(PreparedStatement.java:2586) ~[mysql-connector-java-5.1.23-bin.jar:?]
	at com.mysql.jdbc.PreparedStatement.executeUpdate(PreparedStatement.java:2432) ~[mysql-connector-java-5.1.23-bin.jar:?]
	at com.mysql.jdbc.PreparedStatement.executeUpdate(PreparedStatement.java:2375) ~[mysql-connector-java-5.1.23-bin.jar:?]
	at com.mysql.jdbc.PreparedStatement.executeUpdate(PreparedStatement.java:2359) ~[mysql-connector-java-5.1.23-bin.jar:?]
	at real.database.DataHelper.insertNewMember(DataHelper.java:38) ~[RealDriving.jar:1.0]
	at newstudents.NewstudentController.save(NewstudentController.java:121) ~[RealDriving.jar:1.0]
	at sun.reflect.NativeMethodAccessorImpl.invoke0(Native Method) ~[?:1.8.0_144]
	at sun.reflect.NativeMethodAccessorImpl.invoke(NativeMethodAccessorImpl.java:62) ~[?:1.8.0_144]
	at sun.reflect.DelegatingMethodAccessorImpl.invoke(DelegatingMethodAccessorImpl.java:43) ~[?:1.8.0_144]
	at java.lang.reflect.Method.invoke(Method.java:498) ~[?:1.8.0_144]
	at sun.reflect.misc.Trampoline.invoke(MethodUtil.java:71) ~[?:1.8.0_144]
	at sun.reflect.GeneratedMethodAccessor1.invoke(Unknown Source) ~[?:?]
	at sun.reflect.DelegatingMethodAccessorImpl.invoke(DelegatingMethodAccessorImpl.java:43) ~[?:1.8.0_144]
	at java.lang.reflect.Method.invoke(Method.java:498) ~[?:1.8.0_144]
	at sun.reflect.misc.MethodUtil.invoke(MethodUtil.java:275) ~[?:1.8.0_144]
	at javafx.fxml.FXMLLoader$MethodHandler.invoke(FXMLLoader.java:1769) ~[jfxrt.jar:?]
	at javafx.fxml.FXMLLoader$ControllerMethodEventHandler.handle(FXMLLoader.java:1657) ~[jfxrt.jar:?]
	at com.sun.javafx.event.CompositeEventHandler.dispatchBubblingEvent(CompositeEventHandler.java:86) ~[jfxrt.jar:?]
	at com.sun.javafx.event.EventHandlerManager.dispatchBubblingEvent(EventHandlerManager.java:238) ~[jfxrt.jar:?]
	at com.sun.javafx.event.EventHandlerManager.dispatchBubblingEvent(EventHandlerManager.java:191) ~[jfxrt.jar:?]
	at com.sun.javafx.event.CompositeEventDispatcher.dispatchBubblingEvent(CompositeEventDispatcher.java:59) ~[jfxrt.jar:?]
	at com.sun.javafx.event.BasicEventDispatcher.dispatchEvent(BasicEventDispatcher.java:58) ~[jfxrt.jar:?]
	at com.sun.javafx.event.EventDispatchChainImpl.dispatchEvent(EventDispatchChainImpl.java:114) ~[jfxrt.jar:?]
	at com.sun.javafx.event.BasicEventDispatcher.dispatchEvent(BasicEventDispatcher.java:56) ~[jfxrt.jar:?]
	at com.sun.javafx.event.EventDispatchChainImpl.dispatchEvent(EventDispatchChainImpl.java:114) ~[jfxrt.jar:?]
	at com.sun.javafx.event.BasicEventDispatcher.dispatchEvent(BasicEventDispatcher.java:56) ~[jfxrt.jar:?]
	at com.sun.javafx.event.EventDispatchChainImpl.dispatchEvent(EventDispatchChainImpl.java:114) ~[jfxrt.jar:?]
	at com.sun.javafx.event.EventUtil.fireEventImpl(EventUtil.java:74) ~[jfxrt.jar:?]
	at com.sun.javafx.event.EventUtil.fireEvent(EventUtil.java:49) ~[jfxrt.jar:?]
	at javafx.event.Event.fireEvent(Event.java:198) ~[jfxrt.jar:?]
	at javafx.scene.Node.fireEvent(Node.java:8413) ~[jfxrt.jar:?]
	at javafx.scene.control.Button.fire(Button.java:185) ~[jfxrt.jar:?]
	at com.sun.javafx.scene.control.behavior.ButtonBehavior.mouseReleased(ButtonBehavior.java:182) ~[jfxrt.jar:?]
	at com.sun.javafx.scene.control.skin.BehaviorSkinBase$1.handle(BehaviorSkinBase.java:96) ~[jfxrt.jar:?]
	at com.sun.javafx.scene.control.skin.BehaviorSkinBase$1.handle(BehaviorSkinBase.java:89) ~[jfxrt.jar:?]
	at com.sun.javafx.event.CompositeEventHandler$NormalEventHandlerRecord.handleBubblingEvent(CompositeEventHandler.java:218) ~[jfxrt.jar:?]
	at com.sun.javafx.event.CompositeEventHandler.dispatchBubblingEvent(CompositeEventHandler.java:80) ~[jfxrt.jar:?]
	at com.sun.javafx.event.EventHandlerManager.dispatchBubblingEvent(EventHandlerManager.java:238) ~[jfxrt.jar:?]
	at com.sun.javafx.event.EventHandlerManager.dispatchBubblingEvent(EventHandlerManager.java:191) ~[jfxrt.jar:?]
	at com.sun.javafx.event.CompositeEventDispatcher.dispatchBubblingEvent(CompositeEventDispatcher.java:59) ~[jfxrt.jar:?]
	at com.sun.javafx.event.BasicEventDispatcher.dispatchEvent(BasicEventDispatcher.java:58) ~[jfxrt.jar:?]
	at com.sun.javafx.event.EventDispatchChainImpl.dispatchEvent(EventDispatchChainImpl.java:114) ~[jfxrt.jar:?]
	at com.sun.javafx.event.BasicEventDispatcher.dispatchEvent(BasicEventDispatcher.java:56) ~[jfxrt.jar:?]
	at com.sun.javafx.event.EventDispatchChainImpl.dispatchEvent(EventDispatchChainImpl.java:114) ~[jfxrt.jar:?]
	at com.sun.javafx.event.BasicEventDispatcher.dispatchEvent(BasicEventDispatcher.java:56) ~[jfxrt.jar:?]
	at com.sun.javafx.event.EventDispatchChainImpl.dispatchEvent(EventDispatchChainImpl.java:114) ~[jfxrt.jar:?]
	at com.sun.javafx.event.EventUtil.fireEventImpl(EventUtil.java:74) ~[jfxrt.jar:?]
	at com.sun.javafx.event.EventUtil.fireEvent(EventUtil.java:54) ~[jfxrt.jar:?]
	at javafx.event.Event.fireEvent(Event.java:198) ~[jfxrt.jar:?]
	at javafx.scene.Scene$MouseHandler.process(Scene.java:3757) ~[jfxrt.jar:?]
	at javafx.scene.Scene$MouseHandler.access$1500(Scene.java:3485) ~[jfxrt.jar:?]
	at javafx.scene.Scene.impl_processMouseEvent(Scene.java:1762) ~[jfxrt.jar:?]
	at javafx.scene.Scene$ScenePeerListener.mouseEvent(Scene.java:2494) ~[jfxrt.jar:?]
	at com.sun.javafx.tk.quantum.GlassViewEventHandler$MouseEventNotification.run(GlassViewEventHandler.java:381) ~[jfxrt.jar:?]
	at com.sun.javafx.tk.quantum.GlassViewEventHandler$MouseEventNotification.run(GlassViewEventHandler.java:295) ~[jfxrt.jar:?]
	at java.security.AccessController.doPrivileged(Native Method) ~[?:1.8.0_144]
	at com.sun.javafx.tk.quantum.GlassViewEventHandler.lambda$handleMouseEvent$354(GlassViewEventHandler.java:417) ~[jfxrt.jar:?]
	at com.sun.javafx.tk.quantum.QuantumToolkit.runWithoutRenderLock(QuantumToolkit.java:389) ~[jfxrt.jar:?]
	at com.sun.javafx.tk.quantum.GlassViewEventHandler.handleMouseEvent(GlassViewEventHandler.java:416) ~[jfxrt.jar:?]
	at com.sun.glass.ui.View.handleMouseEvent(View.java:555) ~[jfxrt.jar:?]
	at com.sun.glass.ui.View.notifyMouse(View.java:937) ~[jfxrt.jar:?]
	at com.sun.glass.ui.win.WinApplication._runLoop(Native Method) ~[jfxrt.jar:?]
	at com.sun.glass.ui.win.WinApplication.lambda$null$148(WinApplication.java:191) ~[jfxrt.jar:?]
	at java.lang.Thread.run(Thread.java:748) [?:1.8.0_144]
2018-09-30 19:24:52.857 [JavaFX Application Thread] INFO  expense.L0gController - User successfully logged in 
2018-09-30 19:34:12.824 [JavaFX Application Thread] INFO  expense.L0gController - User successfully logged in 
2018-09-30 19:37:56.086 [JavaFX Application Thread] INFO  expense.L0gController - User successfully logged in 
2018-09-30 19:49:31.052 [JavaFX Application Thread] INFO  expense.L0gController - User successfully logged in 
2018-09-30 19:51:17.641 [JavaFX Application Thread] INFO  expense.L0gController - User successfully logged in 
2018-09-30 19:54:33.363 [JavaFX Application Thread] INFO  expense.L0gController - User successfully logged in 
2018-09-30 19:55:39.203 [JavaFX Application Thread] INFO  expense.L0gController - User successfully logged in 
2018-09-30 19:57:05.008 [JavaFX Application Thread] INFO  expense.L0gController - User successfully logged in 
2018-09-30 20:03:35.712 [JavaFX Application Thread] INFO  expense.L0gController - User successfully logged in 
2018-09-30 20:05:11.427 [JavaFX Application Thread] INFO  expense.L0gController - User successfully logged in 
2018-09-30 20:09:54.629 [JavaFX Application Thread] INFO  expense.L0gController - User successfully logged in 
2018-09-30 20:11:09.562 [JavaFX Application Thread] INFO  expense.L0gController - User successfully logged in 
2018-09-30 20:14:34.837 [JavaFX Application Thread] INFO  expense.L0gController - User successfully logged in 
2018-09-30 20:21:46.765 [JavaFX Application Thread] INFO  expense.L0gController - User successfully logged in 
2018-09-30 20:26:28.032 [JavaFX Application Thread] INFO  expense.L0gController - User successfully logged in 
2018-09-30 20:28:53.582 [JavaFX Application Thread] INFO  expense.L0gController - User successfully logged in 
2018-09-30 20:39:05.431 [JavaFX Application Thread] INFO  expense.L0gController - User successfully logged in 
2018-09-30 20:39:59.102 [JavaFX Application Thread] INFO  expense.L0gController - User successfully logged in 
2018-09-30 20:41:42.763 [JavaFX Application Thread] INFO  expense.L0gController - User successfully logged in 
2018-09-30 20:52:00.409 [JavaFX Application Thread] INFO  expense.L0gController - User successfully logged in 
2018-09-30 20:54:31.025 [JavaFX Application Thread] INFO  expense.L0gController - User successfully logged in 
2018-09-30 20:55:55.241 [JavaFX Application Thread] INFO  expense.L0gController - User successfully logged in 
2018-09-30 21:06:34.331 [JavaFX Application Thread] INFO  expense.L0gController - User successfully logged in 
2018-09-30 21:12:46.409 [JavaFX Application Thread] INFO  expense.L0gController - User successfully logged in 
2018-09-30 21:14:30.850 [JavaFX Application Thread] INFO  expense.L0gController - User successfully logged in 
2018-09-30 21:21:39.323 [JavaFX Application Thread] INFO  expense.L0gController - User successfully logged in 
2018-09-30 21:22:38.310 [JavaFX Application Thread] INFO  expense.L0gController - User successfully logged in 
2018-09-30 21:31:20.494 [JavaFX Application Thread] INFO  expense.L0gController - User successfully logged in 
2018-09-30 21:32:07.755 [JavaFX Application Thread] INFO  expense.L0gController - User successfully logged in 
2018-09-30 21:40:01.041 [JavaFX Application Thread] INFO  expense.L0gController - User successfully logged in 
2018-09-30 21:40:49.910 [JavaFX Application Thread] INFO  expense.L0gController - User successfully logged in 
2018-09-30 21:43:16.189 [JavaFX Application Thread] INFO  expense.L0gController - User successfully logged in 
2018-09-30 21:46:13.200 [JavaFX Application Thread] INFO  expense.L0gController - User successfully logged in 
2018-09-30 21:49:00.368 [JavaFX Application Thread] INFO  expense.L0gController - User successfully logged in 
2018-09-30 21:59:43.033 [JavaFX Application Thread] INFO  expense.L0gController - User successfully logged in 
2018-09-30 22:03:45.305 [JavaFX Application Thread] INFO  expense.L0gController - User successfully logged in 
2018-09-30 22:06:20.479 [JavaFX Application Thread] INFO  expense.L0gController - User successfully logged in 
2018-09-30 22:14:34.402 [JavaFX Application Thread] INFO  expense.L0gController - User successfully logged in 
2018-09-30 22:19:18.320 [JavaFX Application Thread] INFO  expense.L0gController - User successfully logged in 
