2018-10-25 08:06:58.845 [JavaFX Application Thread] INFO  expense.L0gController - User successfully logged in 
2018-10-25 08:07:05.191 [JavaFX Application Thread] INFO  newpackage.AdminController - User successfully logged in 
2018-10-25 08:27:09.414 [JavaFX Application Thread] INFO  expense.L0gController - User successfully logged in 
2018-10-25 08:27:41.816 [JavaFX Application Thread] INFO  newpackage.AdminController - User successfully logged in 
2018-10-25 08:30:41.893 [JavaFX Application Thread] INFO  expense.L0gController - User successfully logged in 
2018-10-25 08:30:49.606 [JavaFX Application Thread] INFO  newpackage.AdminController - User successfully logged in 
2018-10-25 08:36:13.387 [JavaFX Application Thread] INFO  expense.L0gController - User successfully logged in 
2018-10-25 08:36:18.858 [JavaFX Application Thread] INFO  newpackage.AdminController - User successfully logged in 
2018-10-25 08:43:51.130 [JavaFX Application Thread] INFO  expense.L0gController - User successfully logged in 
2018-10-25 08:44:07.368 [JavaFX Application Thread] INFO  newpackage.AdminController - User successfully logged in 
2018-10-25 08:53:00.363 [JavaFX Application Thread] INFO  expense.L0gController - User successfully logged in 
2018-10-25 08:53:06.545 [JavaFX Application Thread] INFO  newpackage.AdminController - User successfully logged in 
2018-10-25 09:01:19.406 [JavaFX Application Thread] INFO  expense.L0gController - User successfully logged in 
2018-10-25 09:02:07.902 [JavaFX Application Thread] INFO  newpackage.AdminController - User successfully logged in 
2018-10-25 12:35:22.744 [JavaFX Application Thread] INFO  expense.L0gController - User successfully logged in 
2018-10-25 12:35:37.558 [JavaFX Application Thread] INFO  newpackage.AdminController - User successfully logged in 
2018-10-25 12:39:06.524 [JavaFX Application Thread] INFO  expense.L0gController - User successfully logged in 
2018-10-25 12:39:30.833 [JavaFX Application Thread] INFO  newpackage.AdminController - User successfully logged in 
2018-10-25 12:59:58.949 [JavaFX Application Thread] INFO  expense.L0gController - User successfully logged in 
2018-10-25 13:00:09.002 [JavaFX Application Thread] INFO  newpackage.AdminController - User successfully logged in 
2018-10-25 13:04:12.103 [JavaFX Application Thread] INFO  expense.L0gController - User successfully logged in 
2018-10-25 13:04:31.028 [JavaFX Application Thread] INFO  newpackage.AdminController - User successfully logged in 
2018-10-25 13:14:49.271 [JavaFX Application Thread] INFO  expense.L0gController - User successfully logged in 
2018-10-25 13:14:54.116 [JavaFX Application Thread] INFO  newpackage.AdminController - User successfully logged in 
2018-10-25 13:18:29.271 [JavaFX Application Thread] INFO  expense.L0gController - User successfully logged in 
2018-10-25 13:18:33.617 [JavaFX Application Thread] INFO  newpackage.AdminController - User successfully logged in 
2018-10-25 13:26:34.064 [JavaFX Application Thread] INFO  expense.L0gController - User successfully logged in 
2018-10-25 13:26:42.806 [JavaFX Application Thread] INFO  newpackage.AdminController - User successfully logged in 
2018-10-25 13:34:35.190 [JavaFX Application Thread] INFO  expense.L0gController - User successfully logged in 
2018-10-25 13:34:43.479 [JavaFX Application Thread] INFO  newpackage.AdminController - User successfully logged in 
2018-10-25 13:37:15.485 [JavaFX Application Thread] INFO  expense.L0gController - User successfully logged in 
2018-10-25 13:37:26.355 [JavaFX Application Thread] INFO  newpackage.AdminController - User successfully logged in 
2018-10-25 13:41:59.801 [JavaFX Application Thread] INFO  expense.L0gController - User successfully logged in 
2018-10-25 13:42:06.313 [JavaFX Application Thread] INFO  newpackage.AdminController - User successfully logged in 
2018-10-25 13:50:29.736 [JavaFX Application Thread] INFO  expense.L0gController - User successfully logged in 
2018-10-25 13:50:36.459 [JavaFX Application Thread] INFO  newpackage.AdminController - User successfully logged in 
2018-10-25 13:58:26.020 [JavaFX Application Thread] INFO  expense.L0gController - User successfully logged in 
2018-10-25 13:58:30.929 [JavaFX Application Thread] INFO  newpackage.AdminController - User successfully logged in 
2018-10-25 14:03:01.389 [JavaFX Application Thread] INFO  expense.L0gController - User successfully logged in 
2018-10-25 14:03:08.071 [JavaFX Application Thread] INFO  newpackage.AdminController - User successfully logged in 
2018-10-25 14:09:35.601 [JavaFX Application Thread] INFO  expense.L0gController - User successfully logged in 
2018-10-25 14:09:43.457 [JavaFX Application Thread] INFO  newpackage.AdminController - User successfully logged in 
2018-10-25 14:11:59.214 [JavaFX Application Thread] INFO  expense.L0gController - User successfully logged in 
2018-10-25 14:12:04.968 [JavaFX Application Thread] INFO  newpackage.AdminController - User successfully logged in 
2018-10-25 14:15:15.992 [JavaFX Application Thread] INFO  expense.L0gController - User successfully logged in 
2018-10-25 14:15:21.173 [JavaFX Application Thread] INFO  newpackage.AdminController - User successfully logged in 
2018-10-25 15:02:07.683 [JavaFX Application Thread] INFO  expense.L0gController - User successfully logged in 
2018-10-25 16:04:02.697 [JavaFX Application Thread] INFO  expense.L0gController - User successfully logged in 
2018-10-25 16:04:11.414 [JavaFX Application Thread] INFO  newpackage.AdminController - User successfully logged in 
2018-10-25 16:07:18.933 [JavaFX Application Thread] INFO  expense.L0gController - User successfully logged in 
2018-10-25 16:07:26.266 [JavaFX Application Thread] INFO  newpackage.AdminController - User successfully logged in 
2018-10-25 16:10:32.366 [JavaFX Application Thread] INFO  expense.L0gController - User successfully logged in 
2018-10-25 16:10:37.987 [JavaFX Application Thread] INFO  newpackage.AdminController - User successfully logged in 
2018-10-25 16:47:28.646 [JavaFX Application Thread] INFO  expense.L0gController - User successfully logged in 
2018-10-25 16:47:48.038 [JavaFX Application Thread] INFO  newpackage.AdminController - User successfully logged in 
2018-10-25 16:57:33.162 [JavaFX Application Thread] INFO  expense.L0gController - User successfully logged in 
2018-10-25 16:57:58.322 [JavaFX Application Thread] INFO  newpackage.AdminController - User successfully logged in 
2018-10-25 16:59:51.538 [JavaFX Application Thread] INFO  expense.L0gController - User successfully logged in 
2018-10-25 16:59:56.136 [JavaFX Application Thread] INFO  newpackage.AdminController - User successfully logged in 
2018-10-25 17:01:48.973 [JavaFX Application Thread] INFO  expense.L0gController - User successfully logged in 
2018-10-25 17:01:54.019 [JavaFX Application Thread] INFO  newpackage.AdminController - User successfully logged in 
2018-10-25 17:03:17.332 [JavaFX Application Thread] INFO  expense.L0gController - User successfully logged in 
2018-10-25 17:03:27.899 [JavaFX Application Thread] INFO  newpackage.AdminController - User successfully logged in 
2018-10-25 17:06:00.430 [JavaFX Application Thread] INFO  expense.L0gController - User successfully logged in 
2018-10-25 17:06:07.318 [JavaFX Application Thread] INFO  newpackage.AdminController - User successfully logged in 
2018-10-25 17:15:52.425 [JavaFX Application Thread] INFO  expense.L0gController - User successfully logged in 
2018-10-25 17:15:58.956 [JavaFX Application Thread] INFO  newpackage.AdminController - User successfully logged in 
2018-10-25 17:23:54.920 [JavaFX Application Thread] INFO  expense.L0gController - User successfully logged in 
2018-10-25 17:24:00.569 [JavaFX Application Thread] INFO  newpackage.AdminController - User successfully logged in 
2018-10-25 17:39:09.066 [JavaFX Application Thread] INFO  expense.L0gController - User successfully logged in 
2018-10-25 17:39:14.164 [JavaFX Application Thread] INFO  newpackage.AdminController - User successfully logged in 
2018-10-25 17:44:16.032 [JavaFX Application Thread] INFO  expense.L0gController - User successfully logged in 
2018-10-25 18:04:57.353 [JavaFX Application Thread] INFO  expense.L0gController - User successfully logged in 
2018-10-25 18:05:02.117 [JavaFX Application Thread] INFO  newpackage.AdminController - User successfully logged in 
2018-10-25 18:07:30.204 [JavaFX Application Thread] INFO  expense.L0gController - User successfully logged in 
2018-10-25 18:07:38.018 [JavaFX Application Thread] INFO  newpackage.AdminController - User successfully logged in 
2018-10-25 18:10:13.720 [JavaFX Application Thread] INFO  expense.L0gController - User successfully logged in 
2018-10-25 18:10:18.362 [JavaFX Application Thread] INFO  newpackage.AdminController - User successfully logged in 
2018-10-25 18:12:05.071 [JavaFX Application Thread] INFO  expense.L0gController - User successfully logged in 
2018-10-25 18:12:17.463 [JavaFX Application Thread] INFO  newpackage.AdminController - User successfully logged in 
2018-10-25 18:15:39.133 [JavaFX Application Thread] INFO  expense.L0gController - User successfully logged in 
2018-10-25 18:15:50.154 [JavaFX Application Thread] INFO  newpackage.AdminController - User successfully logged in 
2018-10-25 18:19:50.538 [JavaFX Application Thread] INFO  expense.L0gController - User successfully logged in 
2018-10-25 18:20:03.079 [JavaFX Application Thread] INFO  newpackage.AdminController - User successfully logged in 
2018-10-25 18:22:48.852 [JavaFX Application Thread] INFO  expense.L0gController - User successfully logged in 
2018-10-25 18:22:59.471 [JavaFX Application Thread] INFO  newpackage.AdminController - User successfully logged in 
2018-10-25 18:24:01.458 [JavaFX Application Thread] INFO  expense.L0gController - User successfully logged in 
2018-10-25 18:24:07.407 [JavaFX Application Thread] INFO  newpackage.AdminController - User successfully logged in 
2018-10-25 18:26:33.383 [JavaFX Application Thread] INFO  expense.L0gController - User successfully logged in 
2018-10-25 18:26:44.116 [JavaFX Application Thread] INFO  newpackage.AdminController - User successfully logged in 
2018-10-25 18:31:33.047 [JavaFX Application Thread] INFO  expense.L0gController - User successfully logged in 
2018-10-25 18:31:42.698 [JavaFX Application Thread] INFO  newpackage.AdminController - User successfully logged in 
2018-10-25 18:32:44.808 [JavaFX Application Thread] INFO  expense.L0gController - User successfully logged in 
2018-10-25 18:32:50.346 [JavaFX Application Thread] INFO  newpackage.AdminController - User successfully logged in 
2018-10-25 18:36:53.532 [JavaFX Application Thread] INFO  expense.L0gController - User successfully logged in 
2018-10-25 18:37:00.627 [JavaFX Application Thread] INFO  newpackage.AdminController - User successfully logged in 
2018-10-25 18:41:46.002 [JavaFX Application Thread] INFO  expense.L0gController - User successfully logged in 
2018-10-25 18:42:06.562 [JavaFX Application Thread] INFO  newpackage.AdminController - User successfully logged in 
2018-10-25 18:47:46.652 [JavaFX Application Thread] INFO  expense.L0gController - User successfully logged in 
2018-10-25 18:47:51.919 [JavaFX Application Thread] INFO  newpackage.AdminController - User successfully logged in 
2018-10-25 19:01:37.698 [JavaFX Application Thread] INFO  expense.L0gController - User successfully logged in 
2018-10-25 19:01:53.597 [JavaFX Application Thread] INFO  newpackage.AdminController - User successfully logged in 
2018-10-25 19:03:52.718 [JavaFX Application Thread] INFO  expense.L0gController - User successfully logged in 
2018-10-25 19:03:57.882 [JavaFX Application Thread] INFO  newpackage.AdminController - User successfully logged in 
2018-10-25 19:06:34.248 [JavaFX Application Thread] INFO  expense.L0gController - User successfully logged in 
2018-10-25 19:06:38.962 [JavaFX Application Thread] INFO  newpackage.AdminController - User successfully logged in 
2018-10-25 19:08:28.921 [JavaFX Application Thread] INFO  expense.L0gController - User successfully logged in 
2018-10-25 19:08:33.341 [JavaFX Application Thread] INFO  newpackage.AdminController - User successfully logged in 
2018-10-25 19:16:18.643 [JavaFX Application Thread] INFO  expense.L0gController - User successfully logged in 
2018-10-25 19:16:24.416 [JavaFX Application Thread] INFO  newpackage.AdminController - User successfully logged in 
2018-10-25 19:17:44.824 [JavaFX Application Thread] INFO  expense.L0gController - User successfully logged in 
2018-10-25 19:17:55.325 [JavaFX Application Thread] INFO  newpackage.AdminController - User successfully logged in 
2018-10-25 20:56:09.838 [JavaFX Application Thread] INFO  expense.L0gController - User successfully logged in 
2018-10-25 20:56:17.243 [JavaFX Application Thread] INFO  newpackage.AdminController - User successfully logged in 
2018-10-25 21:01:16.356 [JavaFX Application Thread] INFO  expense.L0gController - User successfully logged in 
2018-10-25 21:01:22.664 [JavaFX Application Thread] INFO  newpackage.AdminController - User successfully logged in 
2018-10-25 21:04:10.187 [JavaFX Application Thread] INFO  expense.L0gController - User successfully logged in 
2018-10-25 21:04:16.572 [JavaFX Application Thread] INFO  newpackage.AdminController - User successfully logged in 
2018-10-25 21:04:33.483 [JavaFX Application Thread] ERROR icons.DatabaseHandler - {}
java.lang.NullPointerException: null
	at icons.DatabaseHandler.getDBTables(DatabaseHandler.java:132) ~[RealDriving.jar:1.0]
	at icons.DatabaseHandler.inflateDB(DatabaseHandler.java:65) ~[RealDriving.jar:1.0]
	at icons.DatabaseHandler.<clinit>(DatabaseHandler.java:49) ~[RealDriving.jar:1.0]
	at report.DailyController.data1(DailyController.java:168) ~[RealDriving.jar:1.0]
	at report.DailyController.load(DailyController.java:448) ~[RealDriving.jar:1.0]
	at report.DailyController.loadreco(DailyController.java:216) ~[RealDriving.jar:1.0]
	at sun.reflect.NativeMethodAccessorImpl.invoke0(Native Method) ~[?:1.8.0_144]
	at sun.reflect.NativeMethodAccessorImpl.invoke(NativeMethodAccessorImpl.java:62) ~[?:1.8.0_144]
	at sun.reflect.DelegatingMethodAccessorImpl.invoke(DelegatingMethodAccessorImpl.java:43) ~[?:1.8.0_144]
	at java.lang.reflect.Method.invoke(Method.java:498) ~[?:1.8.0_144]
	at sun.reflect.misc.Trampoline.invoke(MethodUtil.java:71) ~[?:1.8.0_144]
	at sun.reflect.GeneratedMethodAccessor1.invoke(Unknown Source) ~[?:?]
	at sun.reflect.DelegatingMethodAccessorImpl.invoke(DelegatingMethodAccessorImpl.java:43) ~[?:1.8.0_144]
	at java.lang.reflect.Method.invoke(Method.java:498) ~[?:1.8.0_144]
	at sun.reflect.misc.MethodUtil.invoke(MethodUtil.java:275) ~[?:1.8.0_144]
	at javafx.fxml.FXMLLoader$MethodHandler.invoke(FXMLLoader.java:1769) ~[jfxrt.jar:?]
	at javafx.fxml.FXMLLoader$ControllerMethodEventHandler.handle(FXMLLoader.java:1657) ~[jfxrt.jar:?]
	at com.sun.javafx.event.CompositeEventHandler.dispatchBubblingEvent(CompositeEventHandler.java:86) ~[jfxrt.jar:?]
	at com.sun.javafx.event.EventHandlerManager.dispatchBubblingEvent(EventHandlerManager.java:238) ~[jfxrt.jar:?]
	at com.sun.javafx.event.EventHandlerManager.dispatchBubblingEvent(EventHandlerManager.java:191) ~[jfxrt.jar:?]
	at com.sun.javafx.event.CompositeEventDispatcher.dispatchBubblingEvent(CompositeEventDispatcher.java:59) ~[jfxrt.jar:?]
	at com.sun.javafx.event.BasicEventDispatcher.dispatchEvent(BasicEventDispatcher.java:58) ~[jfxrt.jar:?]
	at com.sun.javafx.event.EventDispatchChainImpl.dispatchEvent(EventDispatchChainImpl.java:114) ~[jfxrt.jar:?]
	at com.sun.javafx.event.BasicEventDispatcher.dispatchEvent(BasicEventDispatcher.java:56) ~[jfxrt.jar:?]
	at com.sun.javafx.event.EventDispatchChainImpl.dispatchEvent(EventDispatchChainImpl.java:114) ~[jfxrt.jar:?]
	at com.sun.javafx.event.BasicEventDispatcher.dispatchEvent(BasicEventDispatcher.java:56) ~[jfxrt.jar:?]
	at com.sun.javafx.event.EventDispatchChainImpl.dispatchEvent(EventDispatchChainImpl.java:114) ~[jfxrt.jar:?]
	at com.sun.javafx.event.BasicEventDispatcher.dispatchEvent(BasicEventDispatcher.java:56) ~[jfxrt.jar:?]
	at com.sun.javafx.event.EventDispatchChainImpl.dispatchEvent(EventDispatchChainImpl.java:114) ~[jfxrt.jar:?]
	at com.sun.javafx.event.EventUtil.fireEventImpl(EventUtil.java:74) ~[jfxrt.jar:?]
	at com.sun.javafx.event.EventUtil.fireEvent(EventUtil.java:49) ~[jfxrt.jar:?]
	at javafx.event.Event.fireEvent(Event.java:198) ~[jfxrt.jar:?]
	at javafx.scene.Node.fireEvent(Node.java:8413) ~[jfxrt.jar:?]
	at javafx.scene.control.Button.fire(Button.java:185) ~[jfxrt.jar:?]
	at com.sun.javafx.scene.control.behavior.ButtonBehavior.mouseReleased(ButtonBehavior.java:182) ~[jfxrt.jar:?]
	at com.sun.javafx.scene.control.skin.BehaviorSkinBase$1.handle(BehaviorSkinBase.java:96) ~[jfxrt.jar:?]
	at com.sun.javafx.scene.control.skin.BehaviorSkinBase$1.handle(BehaviorSkinBase.java:89) ~[jfxrt.jar:?]
	at com.sun.javafx.event.CompositeEventHandler$NormalEventHandlerRecord.handleBubblingEvent(CompositeEventHandler.java:218) ~[jfxrt.jar:?]
	at com.sun.javafx.event.CompositeEventHandler.dispatchBubblingEvent(CompositeEventHandler.java:80) ~[jfxrt.jar:?]
	at com.sun.javafx.event.EventHandlerManager.dispatchBubblingEvent(EventHandlerManager.java:238) ~[jfxrt.jar:?]
	at com.sun.javafx.event.EventHandlerManager.dispatchBubblingEvent(EventHandlerManager.java:191) ~[jfxrt.jar:?]
	at com.sun.javafx.event.CompositeEventDispatcher.dispatchBubblingEvent(CompositeEventDispatcher.java:59) ~[jfxrt.jar:?]
	at com.sun.javafx.event.BasicEventDispatcher.dispatchEvent(BasicEventDispatcher.java:58) ~[jfxrt.jar:?]
	at com.sun.javafx.event.EventDispatchChainImpl.dispatchEvent(EventDispatchChainImpl.java:114) ~[jfxrt.jar:?]
	at com.sun.javafx.event.BasicEventDispatcher.dispatchEvent(BasicEventDispatcher.java:56) ~[jfxrt.jar:?]
	at com.sun.javafx.event.EventDispatchChainImpl.dispatchEvent(EventDispatchChainImpl.java:114) ~[jfxrt.jar:?]
	at com.sun.javafx.event.BasicEventDispatcher.dispatchEvent(BasicEventDispatcher.java:56) ~[jfxrt.jar:?]
	at com.sun.javafx.event.EventDispatchChainImpl.dispatchEvent(EventDispatchChainImpl.java:114) ~[jfxrt.jar:?]
	at com.sun.javafx.event.BasicEventDispatcher.dispatchEvent(BasicEventDispatcher.java:56) ~[jfxrt.jar:?]
	at com.sun.javafx.event.EventDispatchChainImpl.dispatchEvent(EventDispatchChainImpl.java:114) ~[jfxrt.jar:?]
	at com.sun.javafx.event.EventUtil.fireEventImpl(EventUtil.java:74) ~[jfxrt.jar:?]
	at com.sun.javafx.event.EventUtil.fireEvent(EventUtil.java:54) ~[jfxrt.jar:?]
	at javafx.event.Event.fireEvent(Event.java:198) ~[jfxrt.jar:?]
	at javafx.scene.Scene$MouseHandler.process(Scene.java:3757) ~[jfxrt.jar:?]
	at javafx.scene.Scene$MouseHandler.access$1500(Scene.java:3485) ~[jfxrt.jar:?]
	at javafx.scene.Scene.impl_processMouseEvent(Scene.java:1762) ~[jfxrt.jar:?]
	at javafx.scene.Scene$ScenePeerListener.mouseEvent(Scene.java:2494) ~[jfxrt.jar:?]
	at com.sun.javafx.tk.quantum.GlassViewEventHandler$MouseEventNotification.run(GlassViewEventHandler.java:381) ~[jfxrt.jar:?]
	at com.sun.javafx.tk.quantum.GlassViewEventHandler$MouseEventNotification.run(GlassViewEventHandler.java:295) ~[jfxrt.jar:?]
	at java.security.AccessController.doPrivileged(Native Method) ~[?:1.8.0_144]
	at com.sun.javafx.tk.quantum.GlassViewEventHandler.lambda$handleMouseEvent$354(GlassViewEventHandler.java:417) ~[jfxrt.jar:?]
	at com.sun.javafx.tk.quantum.QuantumToolkit.runWithoutRenderLock(QuantumToolkit.java:389) ~[jfxrt.jar:?]
	at com.sun.javafx.tk.quantum.GlassViewEventHandler.handleMouseEvent(GlassViewEventHandler.java:416) ~[jfxrt.jar:?]
	at com.sun.glass.ui.View.handleMouseEvent(View.java:555) ~[jfxrt.jar:?]
	at com.sun.glass.ui.View.notifyMouse(View.java:937) ~[jfxrt.jar:?]
	at com.sun.glass.ui.win.WinApplication._runLoop(Native Method) ~[jfxrt.jar:?]
	at com.sun.glass.ui.win.WinApplication.lambda$null$148(WinApplication.java:191) ~[jfxrt.jar:?]
	at java.lang.Thread.run(Thread.java:748) [?:1.8.0_144]
2018-10-25 21:07:15.053 [JavaFX Application Thread] INFO  expense.L0gController - User successfully logged in 
2018-10-25 21:07:21.670 [JavaFX Application Thread] INFO  newpackage.AdminController - User successfully logged in 
2018-10-25 21:27:26.908 [JavaFX Application Thread] INFO  expense.L0gController - User successfully logged in 
2018-10-25 21:27:33.959 [JavaFX Application Thread] INFO  newpackage.AdminController - User successfully logged in 
2018-10-25 21:29:21.585 [JavaFX Application Thread] INFO  expense.L0gController - User successfully logged in 
2018-10-25 21:29:26.444 [JavaFX Application Thread] INFO  newpackage.AdminController - User successfully logged in 
2018-10-25 23:03:03.495 [JavaFX Application Thread] INFO  expense.L0gController - User successfully logged in 
2018-10-25 23:03:11.470 [JavaFX Application Thread] INFO  newpackage.AdminController - User successfully logged in 
