2018-09-29 08:39:44.365 [JavaFX Application Thread] INFO  expense.L0gController - User successfully logged in real
2018-09-29 10:10:37.616 [JavaFX Application Thread] INFO  expense.L0gController - User successfully logged in real
2018-09-29 10:12:24.075 [JavaFX Application Thread] INFO  expense.L0gController - User successfully logged in real
2018-09-29 10:26:37.927 [JavaFX Application Thread] INFO  expense.L0gController - User successfully logged in real
2018-09-29 10:28:27.592 [JavaFX Application Thread] INFO  expense.L0gController - User successfully logged in real
2018-09-29 10:36:26.769 [JavaFX Application Thread] INFO  expense.L0gController - User successfully logged in real
2018-09-29 10:37:49.855 [JavaFX Application Thread] INFO  expense.L0gController - User successfully logged in real
2018-09-29 10:42:00.080 [JavaFX Application Thread] INFO  expense.L0gController - User successfully logged in real
2018-09-29 10:44:40.863 [JavaFX Application Thread] INFO  expense.L0gController - User successfully logged in real
2018-09-29 11:25:45.994 [JavaFX Application Thread] INFO  expense.L0gController - User successfully logged in real
2018-09-29 11:28:42.219 [JavaFX Application Thread] INFO  expense.L0gController - User successfully logged in real
2018-09-29 11:29:03.853 [JavaFX Application Thread] INFO  expense.L0gController - User successfully logged in real
2018-09-29 11:32:44.990 [JavaFX Application Thread] INFO  expense.L0gController - User successfully logged in real
2018-09-29 11:44:49.589 [JavaFX Application Thread] INFO  expense.L0gController - User successfully logged in real
2018-09-29 11:46:25.271 [JavaFX Application Thread] INFO  expense.L0gController - User successfully logged in real
2018-09-29 11:57:38.539 [JavaFX Application Thread] INFO  expense.L0gController - User successfully logged in real
2018-09-29 12:02:27.507 [JavaFX Application Thread] INFO  expense.L0gController - User successfully logged in real
2018-09-29 12:05:09.372 [JavaFX Application Thread] INFO  expense.L0gController - User successfully logged in real
2018-09-29 12:16:44.069 [JavaFX Application Thread] INFO  expense.L0gController - User successfully logged in real
2018-09-29 12:23:07.232 [JavaFX Application Thread] INFO  expense.L0gController - User successfully logged in real
2018-09-29 12:26:14.599 [JavaFX Application Thread] INFO  expense.L0gController - User successfully logged in real
2018-09-29 12:31:28.420 [JavaFX Application Thread] INFO  expense.L0gController - User successfully logged in real
2018-09-29 12:38:50.279 [JavaFX Application Thread] INFO  expense.L0gController - User successfully logged in real
2018-09-29 12:44:05.238 [JavaFX Application Thread] INFO  expense.L0gController - User successfully logged in real
2018-09-29 13:27:52.469 [JavaFX Application Thread] INFO  expense.L0gController - User successfully logged in real
2018-09-29 13:31:57.370 [JavaFX Application Thread] INFO  expense.L0gController - User successfully logged in real
2018-09-29 13:36:21.315 [JavaFX Application Thread] INFO  expense.L0gController - User successfully logged in real
2018-09-29 13:41:04.091 [JavaFX Application Thread] INFO  expense.L0gController - User successfully logged in real
2018-09-29 13:55:50.328 [JavaFX Application Thread] INFO  expense.L0gController - User successfully logged in 
2018-09-29 14:02:15.389 [JavaFX Application Thread] INFO  expense.L0gController - User successfully logged in 
2018-09-29 14:07:54.727 [JavaFX Application Thread] INFO  expense.L0gController - User successfully logged in 
2018-09-29 14:16:11.649 [JavaFX Application Thread] INFO  expense.L0gController - User successfully logged in 
2018-09-29 14:25:20.016 [JavaFX Application Thread] INFO  expense.L0gController - User successfully logged in 
2018-09-29 14:28:03.412 [JavaFX Application Thread] INFO  expense.L0gController - User successfully logged in 
2018-09-29 14:56:07.735 [JavaFX Application Thread] INFO  expense.L0gController - User successfully logged in 
2018-09-29 14:56:49.916 [JavaFX Application Thread] INFO  expense.L0gController - User successfully logged in 
2018-09-29 14:58:11.164 [JavaFX Application Thread] INFO  expense.L0gController - User successfully logged in 
2018-09-29 15:12:54.045 [JavaFX Application Thread] INFO  expense.L0gController - User successfully logged in 
2018-09-29 15:21:31.606 [JavaFX Application Thread] INFO  expense.L0gController - User successfully logged in 
2018-09-29 15:26:33.480 [JavaFX Application Thread] INFO  expense.L0gController - User successfully logged in 
2018-09-29 15:29:04.048 [JavaFX Application Thread] INFO  expense.L0gController - User successfully logged in 
2018-09-29 15:30:29.637 [JavaFX Application Thread] INFO  expense.L0gController - User successfully logged in 
2018-09-29 15:34:43.037 [JavaFX Application Thread] INFO  expense.L0gController - User successfully logged in 
2018-09-29 15:43:46.493 [JavaFX Application Thread] INFO  expense.L0gController - User successfully logged in 
2018-09-29 15:48:06.161 [JavaFX Application Thread] INFO  expense.L0gController - User successfully logged in 
2018-09-29 15:54:10.282 [JavaFX Application Thread] INFO  expense.L0gController - User successfully logged in 
2018-09-29 16:01:15.281 [JavaFX Application Thread] INFO  expense.L0gController - User successfully logged in 
2018-09-29 16:04:48.586 [JavaFX Application Thread] INFO  expense.L0gController - User successfully logged in 
2018-09-29 16:07:59.461 [JavaFX Application Thread] INFO  expense.L0gController - User successfully logged in 
2018-09-29 16:36:15.133 [JavaFX Application Thread] INFO  expense.L0gController - User successfully logged in 
2018-09-29 17:11:25.297 [JavaFX Application Thread] INFO  expense.L0gController - User successfully logged in 
2018-09-29 17:11:58.238 [JavaFX Application Thread] ERROR real.database.DatabaseHandler - {}
java.lang.NullPointerException: null
	at real.database.DatabaseHandler.getDBTables(DatabaseHandler.java:128) ~[RealDriving.jar:1.0]
	at real.database.DatabaseHandler.inflateDB(DatabaseHandler.java:61) ~[RealDriving.jar:1.0]
	at real.database.DatabaseHandler.<clinit>(DatabaseHandler.java:45) ~[RealDriving.jar:1.0]
	at fees.FeesController.save(FeesController.java:95) ~[RealDriving.jar:1.0]
	at sun.reflect.NativeMethodAccessorImpl.invoke0(Native Method) ~[?:1.8.0_144]
	at sun.reflect.NativeMethodAccessorImpl.invoke(NativeMethodAccessorImpl.java:62) ~[?:1.8.0_144]
	at sun.reflect.DelegatingMethodAccessorImpl.invoke(DelegatingMethodAccessorImpl.java:43) ~[?:1.8.0_144]
	at java.lang.reflect.Method.invoke(Method.java:498) ~[?:1.8.0_144]
	at sun.reflect.misc.Trampoline.invoke(MethodUtil.java:71) ~[?:1.8.0_144]
	at sun.reflect.GeneratedMethodAccessor1.invoke(Unknown Source) ~[?:?]
	at sun.reflect.DelegatingMethodAccessorImpl.invoke(DelegatingMethodAccessorImpl.java:43) ~[?:1.8.0_144]
	at java.lang.reflect.Method.invoke(Method.java:498) ~[?:1.8.0_144]
	at sun.reflect.misc.MethodUtil.invoke(MethodUtil.java:275) ~[?:1.8.0_144]
	at javafx.fxml.FXMLLoader$MethodHandler.invoke(FXMLLoader.java:1769) ~[jfxrt.jar:?]
	at javafx.fxml.FXMLLoader$ControllerMethodEventHandler.handle(FXMLLoader.java:1657) ~[jfxrt.jar:?]
	at com.sun.javafx.event.CompositeEventHandler.dispatchBubblingEvent(CompositeEventHandler.java:86) ~[jfxrt.jar:?]
	at com.sun.javafx.event.EventHandlerManager.dispatchBubblingEvent(EventHandlerManager.java:238) ~[jfxrt.jar:?]
	at com.sun.javafx.event.EventHandlerManager.dispatchBubblingEvent(EventHandlerManager.java:191) ~[jfxrt.jar:?]
	at com.sun.javafx.event.CompositeEventDispatcher.dispatchBubblingEvent(CompositeEventDispatcher.java:59) ~[jfxrt.jar:?]
	at com.sun.javafx.event.BasicEventDispatcher.dispatchEvent(BasicEventDispatcher.java:58) ~[jfxrt.jar:?]
	at com.sun.javafx.event.EventDispatchChainImpl.dispatchEvent(EventDispatchChainImpl.java:114) ~[jfxrt.jar:?]
	at com.sun.javafx.event.BasicEventDispatcher.dispatchEvent(BasicEventDispatcher.java:56) ~[jfxrt.jar:?]
	at com.sun.javafx.event.EventDispatchChainImpl.dispatchEvent(EventDispatchChainImpl.java:114) ~[jfxrt.jar:?]
	at com.sun.javafx.event.BasicEventDispatcher.dispatchEvent(BasicEventDispatcher.java:56) ~[jfxrt.jar:?]
	at com.sun.javafx.event.EventDispatchChainImpl.dispatchEvent(EventDispatchChainImpl.java:114) ~[jfxrt.jar:?]
	at com.sun.javafx.event.BasicEventDispatcher.dispatchEvent(BasicEventDispatcher.java:56) ~[jfxrt.jar:?]
	at com.sun.javafx.event.EventDispatchChainImpl.dispatchEvent(EventDispatchChainImpl.java:114) ~[jfxrt.jar:?]
	at com.sun.javafx.event.EventUtil.fireEventImpl(EventUtil.java:74) ~[jfxrt.jar:?]
	at com.sun.javafx.event.EventUtil.fireEvent(EventUtil.java:49) ~[jfxrt.jar:?]
	at javafx.event.Event.fireEvent(Event.java:198) ~[jfxrt.jar:?]
	at javafx.scene.Node.fireEvent(Node.java:8413) ~[jfxrt.jar:?]
	at javafx.scene.control.Button.fire(Button.java:185) ~[jfxrt.jar:?]
	at com.sun.javafx.scene.control.behavior.ButtonBehavior.mouseReleased(ButtonBehavior.java:182) ~[jfxrt.jar:?]
	at com.sun.javafx.scene.control.skin.BehaviorSkinBase$1.handle(BehaviorSkinBase.java:96) ~[jfxrt.jar:?]
	at com.sun.javafx.scene.control.skin.BehaviorSkinBase$1.handle(BehaviorSkinBase.java:89) ~[jfxrt.jar:?]
	at com.sun.javafx.event.CompositeEventHandler$NormalEventHandlerRecord.handleBubblingEvent(CompositeEventHandler.java:218) ~[jfxrt.jar:?]
	at com.sun.javafx.event.CompositeEventHandler.dispatchBubblingEvent(CompositeEventHandler.java:80) ~[jfxrt.jar:?]
	at com.sun.javafx.event.EventHandlerManager.dispatchBubblingEvent(EventHandlerManager.java:238) ~[jfxrt.jar:?]
	at com.sun.javafx.event.EventHandlerManager.dispatchBubblingEvent(EventHandlerManager.java:191) ~[jfxrt.jar:?]
	at com.sun.javafx.event.CompositeEventDispatcher.dispatchBubblingEvent(CompositeEventDispatcher.java:59) ~[jfxrt.jar:?]
	at com.sun.javafx.event.BasicEventDispatcher.dispatchEvent(BasicEventDispatcher.java:58) ~[jfxrt.jar:?]
	at com.sun.javafx.event.EventDispatchChainImpl.dispatchEvent(EventDispatchChainImpl.java:114) ~[jfxrt.jar:?]
	at com.sun.javafx.event.BasicEventDispatcher.dispatchEvent(BasicEventDispatcher.java:56) ~[jfxrt.jar:?]
	at com.sun.javafx.event.EventDispatchChainImpl.dispatchEvent(EventDispatchChainImpl.java:114) ~[jfxrt.jar:?]
	at com.sun.javafx.event.BasicEventDispatcher.dispatchEvent(BasicEventDispatcher.java:56) ~[jfxrt.jar:?]
	at com.sun.javafx.event.EventDispatchChainImpl.dispatchEvent(EventDispatchChainImpl.java:114) ~[jfxrt.jar:?]
	at com.sun.javafx.event.BasicEventDispatcher.dispatchEvent(BasicEventDispatcher.java:56) ~[jfxrt.jar:?]
	at com.sun.javafx.event.EventDispatchChainImpl.dispatchEvent(EventDispatchChainImpl.java:114) ~[jfxrt.jar:?]
	at com.sun.javafx.event.EventUtil.fireEventImpl(EventUtil.java:74) ~[jfxrt.jar:?]
	at com.sun.javafx.event.EventUtil.fireEvent(EventUtil.java:54) ~[jfxrt.jar:?]
	at javafx.event.Event.fireEvent(Event.java:198) ~[jfxrt.jar:?]
	at javafx.scene.Scene$MouseHandler.process(Scene.java:3757) ~[jfxrt.jar:?]
	at javafx.scene.Scene$MouseHandler.access$1500(Scene.java:3485) ~[jfxrt.jar:?]
	at javafx.scene.Scene.impl_processMouseEvent(Scene.java:1762) ~[jfxrt.jar:?]
	at javafx.scene.Scene$ScenePeerListener.mouseEvent(Scene.java:2494) ~[jfxrt.jar:?]
	at com.sun.javafx.tk.quantum.GlassViewEventHandler$MouseEventNotification.run(GlassViewEventHandler.java:381) ~[jfxrt.jar:?]
	at com.sun.javafx.tk.quantum.GlassViewEventHandler$MouseEventNotification.run(GlassViewEventHandler.java:295) ~[jfxrt.jar:?]
	at java.security.AccessController.doPrivileged(Native Method) ~[?:1.8.0_144]
	at com.sun.javafx.tk.quantum.GlassViewEventHandler.lambda$handleMouseEvent$354(GlassViewEventHandler.java:417) ~[jfxrt.jar:?]
	at com.sun.javafx.tk.quantum.QuantumToolkit.runWithoutRenderLock(QuantumToolkit.java:389) ~[jfxrt.jar:?]
	at com.sun.javafx.tk.quantum.GlassViewEventHandler.handleMouseEvent(GlassViewEventHandler.java:416) ~[jfxrt.jar:?]
	at com.sun.glass.ui.View.handleMouseEvent(View.java:555) ~[jfxrt.jar:?]
	at com.sun.glass.ui.View.notifyMouse(View.java:937) ~[jfxrt.jar:?]
	at com.sun.glass.ui.win.WinApplication._runLoop(Native Method) ~[jfxrt.jar:?]
	at com.sun.glass.ui.win.WinApplication.lambda$null$148(WinApplication.java:191) ~[jfxrt.jar:?]
	at java.lang.Thread.run(Thread.java:748) [?:1.8.0_144]
2018-09-29 17:13:46.805 [JavaFX Application Thread] INFO  expense.L0gController - User successfully logged in 
2018-09-29 17:19:31.085 [JavaFX Application Thread] INFO  expense.L0gController - User successfully logged in 
2018-09-29 17:51:16.065 [JavaFX Application Thread] INFO  expense.L0gController - User successfully logged in 
2018-09-29 17:52:50.448 [JavaFX Application Thread] INFO  expense.L0gController - User successfully logged in 
2018-09-29 17:56:03.256 [JavaFX Application Thread] INFO  expense.L0gController - User successfully logged in 
2018-09-29 17:57:57.065 [JavaFX Application Thread] INFO  expense.L0gController - User successfully logged in 
2018-09-29 18:00:54.237 [JavaFX Application Thread] INFO  expense.L0gController - User successfully logged in 
2018-09-29 18:03:38.945 [JavaFX Application Thread] INFO  expense.L0gController - User successfully logged in 
2018-09-29 18:08:05.722 [JavaFX Application Thread] INFO  expense.L0gController - User successfully logged in 
2018-09-29 18:09:10.897 [JavaFX Application Thread] INFO  expense.L0gController - User successfully logged in 
2018-09-29 18:10:25.054 [JavaFX Application Thread] INFO  expense.L0gController - User successfully logged in 
2018-09-29 18:20:05.827 [JavaFX Application Thread] INFO  expense.L0gController - User successfully logged in 
2018-09-29 18:24:26.870 [JavaFX Application Thread] INFO  expense.L0gController - User successfully logged in 
2018-09-29 18:28:49.124 [JavaFX Application Thread] INFO  expense.L0gController - User successfully logged in 
2018-09-29 18:29:57.310 [JavaFX Application Thread] INFO  expense.L0gController - User successfully logged in 
2018-09-29 18:33:35.829 [JavaFX Application Thread] INFO  expense.L0gController - User successfully logged in 
2018-09-29 18:40:20.306 [JavaFX Application Thread] INFO  expense.L0gController - User successfully logged in 
2018-09-29 18:42:46.646 [JavaFX Application Thread] INFO  expense.L0gController - User successfully logged in 
2018-09-29 22:34:15.491 [JavaFX Application Thread] INFO  expense.L0gController - User successfully logged in 
2018-09-29 22:39:23.399 [JavaFX Application Thread] INFO  expense.L0gController - User successfully logged in 
2018-09-29 22:48:28.736 [JavaFX Application Thread] INFO  expense.L0gController - User successfully logged in 
2018-09-29 22:52:01.876 [JavaFX Application Thread] INFO  expense.L0gController - User successfully logged in 
2018-09-29 22:54:52.429 [JavaFX Application Thread] INFO  expense.L0gController - User successfully logged in 
2018-09-29 23:08:36.096 [JavaFX Application Thread] INFO  expense.L0gController - User successfully logged in 
2018-09-29 23:20:09.984 [JavaFX Application Thread] INFO  expense.L0gController - User successfully logged in 
2018-09-29 23:27:41.593 [JavaFX Application Thread] INFO  expense.L0gController - User successfully logged in 
2018-09-29 23:32:31.723 [JavaFX Application Thread] INFO  expense.L0gController - User successfully logged in 
2018-09-29 23:45:56.331 [JavaFX Application Thread] INFO  expense.L0gController - User successfully logged in 
2018-09-29 23:49:09.441 [JavaFX Application Thread] INFO  expense.L0gController - User successfully logged in 
2018-09-29 23:56:51.599 [JavaFX Application Thread] INFO  expense.L0gController - User successfully logged in 
