2018-10-20 05:07:16.023 [JavaFX Application Thread] INFO  expense.L0gController - User successfully logged in 
2018-10-20 05:09:40.565 [JavaFX Application Thread] INFO  expense.L0gController - User successfully logged in 
2018-10-20 05:45:16.498 [JavaFX Application Thread] INFO  expense.L0gController - User successfully logged in 
2018-10-20 05:49:46.981 [JavaFX Application Thread] INFO  expense.L0gController - User successfully logged in 
2018-10-20 06:30:09.945 [JavaFX Application Thread] INFO  expense.L0gController - User successfully logged in 
2018-10-20 06:34:21.087 [JavaFX Application Thread] INFO  expense.L0gController - User successfully logged in 
2018-10-20 06:35:36.068 [JavaFX Application Thread] INFO  expense.L0gController - User successfully logged in 
2018-10-20 06:49:54.042 [JavaFX Application Thread] INFO  expense.L0gController - User successfully logged in 
2018-10-20 06:51:16.579 [JavaFX Application Thread] INFO  expense.L0gController - User successfully logged in 
2018-10-20 06:52:19.671 [JavaFX Application Thread] INFO  expense.L0gController - User successfully logged in 
2018-10-20 06:53:30.843 [JavaFX Application Thread] INFO  expense.L0gController - User successfully logged in 
2018-10-20 06:56:23.663 [JavaFX Application Thread] INFO  expense.L0gController - User successfully logged in 
2018-10-20 06:57:36.266 [JavaFX Application Thread] INFO  expense.L0gController - User successfully logged in 
2018-10-20 07:19:12.127 [JavaFX Application Thread] INFO  expense.L0gController - User successfully logged in 
2018-10-20 07:24:12.585 [JavaFX Application Thread] INFO  expense.L0gController - User successfully logged in 
2018-10-20 07:27:58.414 [JavaFX Application Thread] INFO  expense.L0gController - User successfully logged in 
2018-10-20 07:29:44.896 [JavaFX Application Thread] INFO  expense.L0gController - User successfully logged in 
2018-10-20 07:30:56.601 [JavaFX Application Thread] INFO  expense.L0gController - User successfully logged in 
2018-10-20 07:33:16.980 [JavaFX Application Thread] INFO  expense.L0gController - User successfully logged in 
2018-10-20 07:48:02.301 [JavaFX Application Thread] INFO  expense.L0gController - User successfully logged in 
2018-10-20 07:49:49.968 [JavaFX Application Thread] INFO  expense.L0gController - User successfully logged in 
2018-10-20 07:50:59.783 [JavaFX Application Thread] INFO  expense.L0gController - User successfully logged in 
2018-10-20 07:52:49.086 [JavaFX Application Thread] INFO  expense.L0gController - User successfully logged in 
2018-10-20 07:57:31.664 [JavaFX Application Thread] INFO  expense.L0gController - User successfully logged in 
2018-10-20 07:59:02.264 [JavaFX Application Thread] INFO  expense.L0gController - User successfully logged in 
2018-10-20 08:16:38.724 [JavaFX Application Thread] INFO  expense.L0gController - User successfully logged in 
2018-10-20 09:06:00.274 [JavaFX Application Thread] INFO  expense.L0gController - User successfully logged in 
2018-10-20 09:08:44.204 [JavaFX Application Thread] INFO  expense.L0gController - User successfully logged in 
2018-10-20 09:13:12.652 [JavaFX Application Thread] INFO  expense.L0gController - User successfully logged in 
2018-10-20 09:17:22.895 [JavaFX Application Thread] INFO  expense.L0gController - User successfully logged in 
2018-10-20 09:19:37.861 [JavaFX Application Thread] INFO  expense.L0gController - User successfully logged in 
2018-10-20 09:22:09.469 [JavaFX Application Thread] INFO  expense.L0gController - User successfully logged in 
2018-10-20 09:26:36.469 [JavaFX Application Thread] INFO  expense.L0gController - User successfully logged in 
2018-10-20 09:28:47.664 [JavaFX Application Thread] INFO  expense.L0gController - User successfully logged in 
2018-10-20 09:30:28.218 [JavaFX Application Thread] INFO  expense.L0gController - User successfully logged in 
2018-10-20 09:32:06.319 [JavaFX Application Thread] INFO  expense.L0gController - User successfully logged in 
2018-10-20 09:34:03.009 [JavaFX Application Thread] INFO  expense.L0gController - User successfully logged in 
2018-10-20 09:35:05.083 [JavaFX Application Thread] INFO  expense.L0gController - User successfully logged in 
2018-10-20 09:36:24.172 [JavaFX Application Thread] INFO  expense.L0gController - User successfully logged in 
2018-10-20 10:03:11.403 [JavaFX Application Thread] INFO  expense.L0gController - User successfully logged in 
2018-10-20 10:04:43.335 [JavaFX Application Thread] INFO  expense.L0gController - User successfully logged in 
2018-10-20 10:05:56.455 [JavaFX Application Thread] INFO  expense.L0gController - User successfully logged in 
2018-10-20 10:09:34.144 [JavaFX Application Thread] INFO  expense.L0gController - User successfully logged in 
2018-10-20 10:10:51.671 [JavaFX Application Thread] INFO  expense.L0gController - User successfully logged in 
2018-10-20 10:19:32.006 [JavaFX Application Thread] INFO  expense.L0gController - User successfully logged in 
2018-10-20 10:38:57.389 [JavaFX Application Thread] INFO  expense.L0gController - User successfully logged in 
2018-10-20 10:42:09.858 [JavaFX Application Thread] INFO  expense.L0gController - User successfully logged in 
2018-10-20 10:46:19.033 [JavaFX Application Thread] INFO  expense.L0gController - User successfully logged in 
2018-10-20 10:48:00.820 [JavaFX Application Thread] INFO  expense.L0gController - User successfully logged in 
2018-10-20 10:51:04.505 [JavaFX Application Thread] INFO  expense.L0gController - User successfully logged in 
2018-10-20 10:55:12.250 [JavaFX Application Thread] INFO  expense.L0gController - User successfully logged in 
2018-10-20 11:05:44.828 [JavaFX Application Thread] INFO  expense.L0gController - User successfully logged in 
2018-10-20 11:10:38.260 [JavaFX Application Thread] INFO  expense.L0gController - User successfully logged in 
2018-10-20 11:20:57.643 [JavaFX Application Thread] INFO  expense.L0gController - User successfully logged in 
2018-10-20 11:24:46.661 [JavaFX Application Thread] INFO  expense.L0gController - User successfully logged in 
2018-10-20 11:28:05.778 [JavaFX Application Thread] INFO  expense.L0gController - User successfully logged in 
2018-10-20 11:29:29.094 [JavaFX Application Thread] INFO  expense.L0gController - User successfully logged in 
2018-10-20 11:41:00.084 [JavaFX Application Thread] INFO  expense.L0gController - User successfully logged in 
2018-10-20 11:46:36.934 [JavaFX Application Thread] INFO  expense.L0gController - User successfully logged in 
2018-10-20 11:52:32.161 [JavaFX Application Thread] INFO  expense.L0gController - User successfully logged in 
2018-10-20 11:56:45.534 [JavaFX Application Thread] INFO  expense.L0gController - User successfully logged in 
2018-10-20 11:59:06.239 [JavaFX Application Thread] INFO  expense.L0gController - User successfully logged in 
2018-10-20 12:04:59.006 [JavaFX Application Thread] INFO  expense.L0gController - User successfully logged in 
2018-10-20 12:11:14.915 [JavaFX Application Thread] INFO  expense.L0gController - User successfully logged in 
2018-10-20 12:16:09.237 [JavaFX Application Thread] INFO  expense.L0gController - User successfully logged in 
2018-10-20 12:24:58.873 [JavaFX Application Thread] INFO  expense.L0gController - User successfully logged in 
2018-10-20 12:26:28.271 [JavaFX Application Thread] INFO  expense.L0gController - User successfully logged in 
2018-10-20 12:31:11.027 [JavaFX Application Thread] INFO  expense.L0gController - User successfully logged in 
2018-10-20 12:41:24.726 [JavaFX Application Thread] INFO  expense.L0gController - User successfully logged in 
2018-10-20 12:43:59.178 [JavaFX Application Thread] INFO  expense.L0gController - User successfully logged in 
2018-10-20 12:45:23.306 [JavaFX Application Thread] INFO  expense.L0gController - User successfully logged in 
2018-10-20 13:02:14.543 [JavaFX Application Thread] INFO  expense.L0gController - User successfully logged in 
2018-10-20 13:07:47.936 [JavaFX Application Thread] INFO  expense.L0gController - User successfully logged in 
2018-10-20 14:51:01.329 [JavaFX Application Thread] INFO  expense.L0gController - User successfully logged in 
2018-10-20 14:52:47.737 [JavaFX Application Thread] INFO  expense.L0gController - User successfully logged in 
2018-10-20 14:53:46.435 [JavaFX Application Thread] INFO  expense.L0gController - User successfully logged in 
2018-10-20 15:01:18.389 [JavaFX Application Thread] INFO  expense.L0gController - User successfully logged in 
2018-10-20 15:05:25.908 [JavaFX Application Thread] INFO  expense.L0gController - User successfully logged in 
2018-10-20 15:06:52.208 [JavaFX Application Thread] INFO  expense.L0gController - User successfully logged in 
2018-10-20 15:11:05.941 [JavaFX Application Thread] INFO  expense.L0gController - User successfully logged in 
2018-10-20 15:19:23.754 [JavaFX Application Thread] INFO  expense.L0gController - User successfully logged in 
2018-10-20 15:33:26.701 [JavaFX Application Thread] INFO  expense.L0gController - User successfully logged in 
2018-10-20 15:38:41.511 [JavaFX Application Thread] INFO  expense.L0gController - User successfully logged in 
2018-10-20 15:39:41.609 [JavaFX Application Thread] INFO  expense.L0gController - User successfully logged in 
2018-10-20 15:41:34.323 [JavaFX Application Thread] INFO  expense.L0gController - User successfully logged in 
2018-10-20 15:57:37.504 [JavaFX Application Thread] INFO  expense.L0gController - User successfully logged in 
2018-10-20 16:02:09.210 [JavaFX Application Thread] INFO  expense.L0gController - User successfully logged in 
2018-10-20 16:09:27.611 [JavaFX Application Thread] INFO  expense.L0gController - User successfully logged in 
2018-10-20 16:15:03.510 [JavaFX Application Thread] INFO  expense.L0gController - User successfully logged in 
2018-10-20 16:23:59.307 [JavaFX Application Thread] INFO  expense.L0gController - User successfully logged in 
2018-10-20 16:36:24.555 [JavaFX Application Thread] INFO  expense.L0gController - User successfully logged in 
2018-10-20 17:10:08.752 [JavaFX Application Thread] INFO  expense.L0gController - User successfully logged in 
2018-10-20 17:20:49.817 [JavaFX Application Thread] INFO  expense.L0gController - User successfully logged in 
2018-10-20 17:35:14.621 [JavaFX Application Thread] INFO  expense.L0gController - User successfully logged in 
2018-10-20 17:40:42.213 [JavaFX Application Thread] INFO  expense.L0gController - User successfully logged in 
2018-10-20 17:44:26.508 [JavaFX Application Thread] INFO  expense.L0gController - User successfully logged in 
2018-10-20 17:46:57.168 [JavaFX Application Thread] INFO  expense.L0gController - User successfully logged in 
2018-10-20 18:00:27.447 [JavaFX Application Thread] INFO  expense.L0gController - User successfully logged in 
2018-10-20 18:07:55.801 [JavaFX Application Thread] INFO  expense.L0gController - User successfully logged in 
2018-10-20 18:11:22.550 [JavaFX Application Thread] INFO  expense.L0gController - User successfully logged in 
2018-10-20 18:23:04.887 [JavaFX Application Thread] INFO  expense.L0gController - User successfully logged in 
2018-10-20 18:27:11.270 [JavaFX Application Thread] INFO  expense.L0gController - User successfully logged in 
2018-10-20 19:26:10.895 [JavaFX Application Thread] INFO  expense.L0gController - User successfully logged in 
2018-10-20 19:42:55.927 [JavaFX Application Thread] INFO  expense.L0gController - User successfully logged in 
2018-10-20 19:59:52.607 [JavaFX Application Thread] INFO  expense.L0gController - User successfully logged in 
2018-10-20 20:01:37.639 [JavaFX Application Thread] ERROR login.LoginController - {}
javafx.fxml.LoadException: Error resolving onAction='#logout', either the event handler is not in the Namespace or there is an error in the script.
file:/E:/Projects/RealDriving/dist/run1388642952/RealDriving.jar!/realdriving/FXMLDocument.fxml:155

	at javafx.fxml.FXMLLoader.constructLoadException(FXMLLoader.java:2597) ~[jfxrt.jar:?]
	at javafx.fxml.FXMLLoader.access$100(FXMLLoader.java:103) ~[jfxrt.jar:?]
	at javafx.fxml.FXMLLoader$Element.processEventHandlerAttributes(FXMLLoader.java:610) ~[jfxrt.jar:?]
	at javafx.fxml.FXMLLoader$ValueElement.processEndElement(FXMLLoader.java:770) ~[jfxrt.jar:?]
	at javafx.fxml.FXMLLoader.processEndElement(FXMLLoader.java:2823) ~[jfxrt.jar:?]
	at javafx.fxml.FXMLLoader.loadImpl(FXMLLoader.java:2532) ~[jfxrt.jar:?]
	at javafx.fxml.FXMLLoader.loadImpl(FXMLLoader.java:2441) ~[jfxrt.jar:?]
	at javafx.fxml.FXMLLoader.loadImpl(FXMLLoader.java:3214) ~[jfxrt.jar:?]
	at javafx.fxml.FXMLLoader.loadImpl(FXMLLoader.java:3175) ~[jfxrt.jar:?]
	at javafx.fxml.FXMLLoader.loadImpl(FXMLLoader.java:3148) ~[jfxrt.jar:?]
	at javafx.fxml.FXMLLoader.loadImpl(FXMLLoader.java:3124) ~[jfxrt.jar:?]
	at javafx.fxml.FXMLLoader.loadImpl(FXMLLoader.java:3104) ~[jfxrt.jar:?]
	at javafx.fxml.FXMLLoader.load(FXMLLoader.java:3097) ~[jfxrt.jar:?]
	at newpackage.AdminController.cancel(AdminController.java:98) ~[RealDriving.jar:1.0]
	at sun.reflect.NativeMethodAccessorImpl.invoke0(Native Method) ~[?:1.8.0_144]
	at sun.reflect.NativeMethodAccessorImpl.invoke(NativeMethodAccessorImpl.java:62) ~[?:1.8.0_144]
	at sun.reflect.DelegatingMethodAccessorImpl.invoke(DelegatingMethodAccessorImpl.java:43) ~[?:1.8.0_144]
	at java.lang.reflect.Method.invoke(Method.java:498) ~[?:1.8.0_144]
	at sun.reflect.misc.Trampoline.invoke(MethodUtil.java:71) ~[?:1.8.0_144]
	at sun.reflect.GeneratedMethodAccessor1.invoke(Unknown Source) ~[?:?]
	at sun.reflect.DelegatingMethodAccessorImpl.invoke(DelegatingMethodAccessorImpl.java:43) ~[?:1.8.0_144]
	at java.lang.reflect.Method.invoke(Method.java:498) ~[?:1.8.0_144]
	at sun.reflect.misc.MethodUtil.invoke(MethodUtil.java:275) ~[?:1.8.0_144]
	at javafx.fxml.FXMLLoader$MethodHandler.invoke(FXMLLoader.java:1769) ~[jfxrt.jar:?]
	at javafx.fxml.FXMLLoader$ControllerMethodEventHandler.handle(FXMLLoader.java:1657) ~[jfxrt.jar:?]
	at com.sun.javafx.event.CompositeEventHandler.dispatchBubblingEvent(CompositeEventHandler.java:86) ~[jfxrt.jar:?]
	at com.sun.javafx.event.EventHandlerManager.dispatchBubblingEvent(EventHandlerManager.java:238) ~[jfxrt.jar:?]
	at com.sun.javafx.event.EventHandlerManager.dispatchBubblingEvent(EventHandlerManager.java:191) ~[jfxrt.jar:?]
	at com.sun.javafx.event.CompositeEventDispatcher.dispatchBubblingEvent(CompositeEventDispatcher.java:59) ~[jfxrt.jar:?]
	at com.sun.javafx.event.BasicEventDispatcher.dispatchEvent(BasicEventDispatcher.java:58) ~[jfxrt.jar:?]
	at com.sun.javafx.event.EventDispatchChainImpl.dispatchEvent(EventDispatchChainImpl.java:114) ~[jfxrt.jar:?]
	at com.sun.javafx.event.BasicEventDispatcher.dispatchEvent(BasicEventDispatcher.java:56) ~[jfxrt.jar:?]
	at com.sun.javafx.event.EventDispatchChainImpl.dispatchEvent(EventDispatchChainImpl.java:114) ~[jfxrt.jar:?]
	at com.sun.javafx.event.BasicEventDispatcher.dispatchEvent(BasicEventDispatcher.java:56) ~[jfxrt.jar:?]
	at com.sun.javafx.event.EventDispatchChainImpl.dispatchEvent(EventDispatchChainImpl.java:114) ~[jfxrt.jar:?]
	at com.sun.javafx.event.EventUtil.fireEventImpl(EventUtil.java:74) ~[jfxrt.jar:?]
	at com.sun.javafx.event.EventUtil.fireEvent(EventUtil.java:49) ~[jfxrt.jar:?]
	at javafx.event.Event.fireEvent(Event.java:198) ~[jfxrt.jar:?]
	at javafx.scene.Node.fireEvent(Node.java:8413) ~[jfxrt.jar:?]
	at javafx.scene.control.Button.fire(Button.java:185) ~[jfxrt.jar:?]
	at com.sun.javafx.scene.control.behavior.ButtonBehavior.mouseReleased(ButtonBehavior.java:182) ~[jfxrt.jar:?]
	at com.sun.javafx.scene.control.skin.BehaviorSkinBase$1.handle(BehaviorSkinBase.java:96) ~[jfxrt.jar:?]
	at com.sun.javafx.scene.control.skin.BehaviorSkinBase$1.handle(BehaviorSkinBase.java:89) ~[jfxrt.jar:?]
	at com.sun.javafx.event.CompositeEventHandler$NormalEventHandlerRecord.handleBubblingEvent(CompositeEventHandler.java:218) ~[jfxrt.jar:?]
	at com.sun.javafx.event.CompositeEventHandler.dispatchBubblingEvent(CompositeEventHandler.java:80) ~[jfxrt.jar:?]
	at com.sun.javafx.event.EventHandlerManager.dispatchBubblingEvent(EventHandlerManager.java:238) ~[jfxrt.jar:?]
	at com.sun.javafx.event.EventHandlerManager.dispatchBubblingEvent(EventHandlerManager.java:191) ~[jfxrt.jar:?]
	at com.sun.javafx.event.CompositeEventDispatcher.dispatchBubblingEvent(CompositeEventDispatcher.java:59) ~[jfxrt.jar:?]
	at com.sun.javafx.event.BasicEventDispatcher.dispatchEvent(BasicEventDispatcher.java:58) ~[jfxrt.jar:?]
	at com.sun.javafx.event.EventDispatchChainImpl.dispatchEvent(EventDispatchChainImpl.java:114) ~[jfxrt.jar:?]
	at com.sun.javafx.event.BasicEventDispatcher.dispatchEvent(BasicEventDispatcher.java:56) ~[jfxrt.jar:?]
	at com.sun.javafx.event.EventDispatchChainImpl.dispatchEvent(EventDispatchChainImpl.java:114) ~[jfxrt.jar:?]
	at com.sun.javafx.event.BasicEventDispatcher.dispatchEvent(BasicEventDispatcher.java:56) ~[jfxrt.jar:?]
	at com.sun.javafx.event.EventDispatchChainImpl.dispatchEvent(EventDispatchChainImpl.java:114) ~[jfxrt.jar:?]
	at com.sun.javafx.event.EventUtil.fireEventImpl(EventUtil.java:74) ~[jfxrt.jar:?]
	at com.sun.javafx.event.EventUtil.fireEvent(EventUtil.java:54) ~[jfxrt.jar:?]
	at javafx.event.Event.fireEvent(Event.java:198) ~[jfxrt.jar:?]
	at javafx.scene.Scene$MouseHandler.process(Scene.java:3757) ~[jfxrt.jar:?]
	at javafx.scene.Scene$MouseHandler.access$1500(Scene.java:3485) ~[jfxrt.jar:?]
	at javafx.scene.Scene.impl_processMouseEvent(Scene.java:1762) ~[jfxrt.jar:?]
	at javafx.scene.Scene$ScenePeerListener.mouseEvent(Scene.java:2494) ~[jfxrt.jar:?]
	at com.sun.javafx.tk.quantum.GlassViewEventHandler$MouseEventNotification.run(GlassViewEventHandler.java:381) ~[jfxrt.jar:?]
	at com.sun.javafx.tk.quantum.GlassViewEventHandler$MouseEventNotification.run(GlassViewEventHandler.java:295) ~[jfxrt.jar:?]
	at java.security.AccessController.doPrivileged(Native Method) ~[?:1.8.0_144]
	at com.sun.javafx.tk.quantum.GlassViewEventHandler.lambda$handleMouseEvent$354(GlassViewEventHandler.java:417) ~[jfxrt.jar:?]
	at com.sun.javafx.tk.quantum.QuantumToolkit.runWithoutRenderLock(QuantumToolkit.java:389) ~[jfxrt.jar:?]
	at com.sun.javafx.tk.quantum.GlassViewEventHandler.handleMouseEvent(GlassViewEventHandler.java:416) ~[jfxrt.jar:?]
	at com.sun.glass.ui.View.handleMouseEvent(View.java:555) ~[jfxrt.jar:?]
	at com.sun.glass.ui.View.notifyMouse(View.java:937) ~[jfxrt.jar:?]
	at com.sun.glass.ui.win.WinApplication._runLoop(Native Method) ~[jfxrt.jar:?]
	at com.sun.glass.ui.win.WinApplication.lambda$null$148(WinApplication.java:191) ~[jfxrt.jar:?]
	at java.lang.Thread.run(Thread.java:748) [?:1.8.0_144]
2018-10-20 20:05:00.475 [JavaFX Application Thread] INFO  expense.L0gController - User successfully logged in 
2018-10-20 20:16:21.709 [JavaFX Application Thread] INFO  expense.L0gController - User successfully logged in 
2018-10-20 20:33:38.452 [JavaFX Application Thread] INFO  expense.L0gController - User successfully logged in 
2018-10-20 21:14:47.874 [JavaFX Application Thread] INFO  expense.L0gController - User successfully logged in 
2018-10-20 21:18:00.927 [JavaFX Application Thread] INFO  expense.L0gController - User successfully logged in 
2018-10-20 21:23:44.283 [JavaFX Application Thread] INFO  expense.L0gController - User successfully logged in 
2018-10-20 21:33:35.021 [JavaFX Application Thread] INFO  expense.L0gController - User successfully logged in 
2018-10-20 21:36:05.678 [JavaFX Application Thread] INFO  expense.L0gController - User successfully logged in 
2018-10-20 21:47:17.067 [JavaFX Application Thread] INFO  expense.L0gController - User successfully logged in 
2018-10-20 22:44:16.979 [JavaFX Application Thread] INFO  expense.L0gController - User successfully logged in 
2018-10-20 22:45:04.673 [JavaFX Application Thread] ERROR login.LoginController - {}
javafx.fxml.LoadException: Error resolving onAction='#logout', either the event handler is not in the Namespace or there is an error in the script.
file:/E:/Projects/RealDriving/dist/run1993400873/RealDriving.jar!/realdriving/FXMLDocument.fxml:155

	at javafx.fxml.FXMLLoader.constructLoadException(FXMLLoader.java:2597) ~[jfxrt.jar:?]
	at javafx.fxml.FXMLLoader.access$100(FXMLLoader.java:103) ~[jfxrt.jar:?]
	at javafx.fxml.FXMLLoader$Element.processEventHandlerAttributes(FXMLLoader.java:610) ~[jfxrt.jar:?]
	at javafx.fxml.FXMLLoader$ValueElement.processEndElement(FXMLLoader.java:770) ~[jfxrt.jar:?]
	at javafx.fxml.FXMLLoader.processEndElement(FXMLLoader.java:2823) ~[jfxrt.jar:?]
	at javafx.fxml.FXMLLoader.loadImpl(FXMLLoader.java:2532) ~[jfxrt.jar:?]
	at javafx.fxml.FXMLLoader.loadImpl(FXMLLoader.java:2441) ~[jfxrt.jar:?]
	at javafx.fxml.FXMLLoader.loadImpl(FXMLLoader.java:3214) ~[jfxrt.jar:?]
	at javafx.fxml.FXMLLoader.loadImpl(FXMLLoader.java:3175) ~[jfxrt.jar:?]
	at javafx.fxml.FXMLLoader.loadImpl(FXMLLoader.java:3148) ~[jfxrt.jar:?]
	at javafx.fxml.FXMLLoader.loadImpl(FXMLLoader.java:3124) ~[jfxrt.jar:?]
	at javafx.fxml.FXMLLoader.loadImpl(FXMLLoader.java:3104) ~[jfxrt.jar:?]
	at javafx.fxml.FXMLLoader.load(FXMLLoader.java:3097) ~[jfxrt.jar:?]
	at newpackage.AdminController.cancel(AdminController.java:98) ~[RealDriving.jar:1.0]
	at sun.reflect.NativeMethodAccessorImpl.invoke0(Native Method) ~[?:1.8.0_144]
	at sun.reflect.NativeMethodAccessorImpl.invoke(NativeMethodAccessorImpl.java:62) ~[?:1.8.0_144]
	at sun.reflect.DelegatingMethodAccessorImpl.invoke(DelegatingMethodAccessorImpl.java:43) ~[?:1.8.0_144]
	at java.lang.reflect.Method.invoke(Method.java:498) ~[?:1.8.0_144]
	at sun.reflect.misc.Trampoline.invoke(MethodUtil.java:71) ~[?:1.8.0_144]
	at sun.reflect.GeneratedMethodAccessor1.invoke(Unknown Source) ~[?:?]
	at sun.reflect.DelegatingMethodAccessorImpl.invoke(DelegatingMethodAccessorImpl.java:43) ~[?:1.8.0_144]
	at java.lang.reflect.Method.invoke(Method.java:498) ~[?:1.8.0_144]
	at sun.reflect.misc.MethodUtil.invoke(MethodUtil.java:275) ~[?:1.8.0_144]
	at javafx.fxml.FXMLLoader$MethodHandler.invoke(FXMLLoader.java:1769) ~[jfxrt.jar:?]
	at javafx.fxml.FXMLLoader$ControllerMethodEventHandler.handle(FXMLLoader.java:1657) ~[jfxrt.jar:?]
	at com.sun.javafx.event.CompositeEventHandler.dispatchBubblingEvent(CompositeEventHandler.java:86) ~[jfxrt.jar:?]
	at com.sun.javafx.event.EventHandlerManager.dispatchBubblingEvent(EventHandlerManager.java:238) ~[jfxrt.jar:?]
	at com.sun.javafx.event.EventHandlerManager.dispatchBubblingEvent(EventHandlerManager.java:191) ~[jfxrt.jar:?]
	at com.sun.javafx.event.CompositeEventDispatcher.dispatchBubblingEvent(CompositeEventDispatcher.java:59) ~[jfxrt.jar:?]
	at com.sun.javafx.event.BasicEventDispatcher.dispatchEvent(BasicEventDispatcher.java:58) ~[jfxrt.jar:?]
	at com.sun.javafx.event.EventDispatchChainImpl.dispatchEvent(EventDispatchChainImpl.java:114) ~[jfxrt.jar:?]
	at com.sun.javafx.event.BasicEventDispatcher.dispatchEvent(BasicEventDispatcher.java:56) ~[jfxrt.jar:?]
	at com.sun.javafx.event.EventDispatchChainImpl.dispatchEvent(EventDispatchChainImpl.java:114) ~[jfxrt.jar:?]
	at com.sun.javafx.event.BasicEventDispatcher.dispatchEvent(BasicEventDispatcher.java:56) ~[jfxrt.jar:?]
	at com.sun.javafx.event.EventDispatchChainImpl.dispatchEvent(EventDispatchChainImpl.java:114) ~[jfxrt.jar:?]
	at com.sun.javafx.event.EventUtil.fireEventImpl(EventUtil.java:74) ~[jfxrt.jar:?]
	at com.sun.javafx.event.EventUtil.fireEvent(EventUtil.java:49) ~[jfxrt.jar:?]
	at javafx.event.Event.fireEvent(Event.java:198) ~[jfxrt.jar:?]
	at javafx.scene.Node.fireEvent(Node.java:8413) ~[jfxrt.jar:?]
	at javafx.scene.control.Button.fire(Button.java:185) ~[jfxrt.jar:?]
	at com.sun.javafx.scene.control.behavior.ButtonBehavior.mouseReleased(ButtonBehavior.java:182) ~[jfxrt.jar:?]
	at com.sun.javafx.scene.control.skin.BehaviorSkinBase$1.handle(BehaviorSkinBase.java:96) ~[jfxrt.jar:?]
	at com.sun.javafx.scene.control.skin.BehaviorSkinBase$1.handle(BehaviorSkinBase.java:89) ~[jfxrt.jar:?]
	at com.sun.javafx.event.CompositeEventHandler$NormalEventHandlerRecord.handleBubblingEvent(CompositeEventHandler.java:218) ~[jfxrt.jar:?]
	at com.sun.javafx.event.CompositeEventHandler.dispatchBubblingEvent(CompositeEventHandler.java:80) ~[jfxrt.jar:?]
	at com.sun.javafx.event.EventHandlerManager.dispatchBubblingEvent(EventHandlerManager.java:238) ~[jfxrt.jar:?]
	at com.sun.javafx.event.EventHandlerManager.dispatchBubblingEvent(EventHandlerManager.java:191) ~[jfxrt.jar:?]
	at com.sun.javafx.event.CompositeEventDispatcher.dispatchBubblingEvent(CompositeEventDispatcher.java:59) ~[jfxrt.jar:?]
	at com.sun.javafx.event.BasicEventDispatcher.dispatchEvent(BasicEventDispatcher.java:58) ~[jfxrt.jar:?]
	at com.sun.javafx.event.EventDispatchChainImpl.dispatchEvent(EventDispatchChainImpl.java:114) ~[jfxrt.jar:?]
	at com.sun.javafx.event.BasicEventDispatcher.dispatchEvent(BasicEventDispatcher.java:56) ~[jfxrt.jar:?]
	at com.sun.javafx.event.EventDispatchChainImpl.dispatchEvent(EventDispatchChainImpl.java:114) ~[jfxrt.jar:?]
	at com.sun.javafx.event.BasicEventDispatcher.dispatchEvent(BasicEventDispatcher.java:56) ~[jfxrt.jar:?]
	at com.sun.javafx.event.EventDispatchChainImpl.dispatchEvent(EventDispatchChainImpl.java:114) ~[jfxrt.jar:?]
	at com.sun.javafx.event.EventUtil.fireEventImpl(EventUtil.java:74) ~[jfxrt.jar:?]
	at com.sun.javafx.event.EventUtil.fireEvent(EventUtil.java:54) ~[jfxrt.jar:?]
	at javafx.event.Event.fireEvent(Event.java:198) ~[jfxrt.jar:?]
	at javafx.scene.Scene$MouseHandler.process(Scene.java:3757) ~[jfxrt.jar:?]
	at javafx.scene.Scene$MouseHandler.access$1500(Scene.java:3485) ~[jfxrt.jar:?]
	at javafx.scene.Scene.impl_processMouseEvent(Scene.java:1762) ~[jfxrt.jar:?]
	at javafx.scene.Scene$ScenePeerListener.mouseEvent(Scene.java:2494) ~[jfxrt.jar:?]
	at com.sun.javafx.tk.quantum.GlassViewEventHandler$MouseEventNotification.run(GlassViewEventHandler.java:381) ~[jfxrt.jar:?]
	at com.sun.javafx.tk.quantum.GlassViewEventHandler$MouseEventNotification.run(GlassViewEventHandler.java:295) ~[jfxrt.jar:?]
	at java.security.AccessController.doPrivileged(Native Method) ~[?:1.8.0_144]
	at com.sun.javafx.tk.quantum.GlassViewEventHandler.lambda$handleMouseEvent$354(GlassViewEventHandler.java:417) ~[jfxrt.jar:?]
	at com.sun.javafx.tk.quantum.QuantumToolkit.runWithoutRenderLock(QuantumToolkit.java:389) ~[jfxrt.jar:?]
	at com.sun.javafx.tk.quantum.GlassViewEventHandler.handleMouseEvent(GlassViewEventHandler.java:416) ~[jfxrt.jar:?]
	at com.sun.glass.ui.View.handleMouseEvent(View.java:555) ~[jfxrt.jar:?]
	at com.sun.glass.ui.View.notifyMouse(View.java:937) ~[jfxrt.jar:?]
	at com.sun.glass.ui.win.WinApplication._runLoop(Native Method) ~[jfxrt.jar:?]
	at com.sun.glass.ui.win.WinApplication.lambda$null$148(WinApplication.java:191) ~[jfxrt.jar:?]
	at java.lang.Thread.run(Thread.java:748) [?:1.8.0_144]
2018-10-20 22:53:26.518 [JavaFX Application Thread] INFO  expense.L0gController - User successfully logged in 
2018-10-20 22:55:20.658 [JavaFX Application Thread] INFO  expense.L0gController - User successfully logged in 
2018-10-20 22:57:28.094 [JavaFX Application Thread] INFO  expense.L0gController - User successfully logged in 
2018-10-20 22:58:33.362 [JavaFX Application Thread] INFO  expense.L0gController - User successfully logged in 
