2018-09-25 08:37:40.121 [JavaFX Application Thread] INFO  expense.L0gController - User successfully logged in 
2018-09-25 08:39:59.270 [JavaFX Application Thread] INFO  expense.L0gController - User successfully logged in 
2018-09-25 08:41:50.535 [JavaFX Application Thread] INFO  expense.L0gController - User successfully logged in 
2018-09-25 08:42:39.189 [JavaFX Application Thread] INFO  expense.L0gController - User successfully logged in 
2018-09-25 09:53:35.690 [JavaFX Application Thread] INFO  expense.L0gController - User successfully logged in 
2018-09-25 09:54:29.611 [JavaFX Application Thread] INFO  expense.L0gController - User successfully logged in 
2018-09-25 09:56:51.115 [JavaFX Application Thread] INFO  expense.L0gController - User successfully logged in 
2018-09-25 09:59:12.669 [JavaFX Application Thread] INFO  expense.L0gController - User successfully logged in 
2018-09-25 10:00:04.412 [JavaFX Application Thread] INFO  expense.L0gController - User successfully logged in 
2018-09-25 10:02:51.934 [JavaFX Application Thread] INFO  expense.L0gController - User successfully logged in 
2018-09-25 10:05:19.932 [JavaFX Application Thread] INFO  expense.L0gController - User successfully logged in 
2018-09-25 10:06:54.946 [JavaFX Application Thread] INFO  expense.L0gController - User successfully logged in 
2018-09-25 10:08:27.982 [JavaFX Application Thread] INFO  expense.L0gController - User successfully logged in 
2018-09-25 10:19:36.797 [JavaFX Application Thread] INFO  expense.L0gController - User successfully logged in 
2018-09-25 10:20:59.800 [JavaFX Application Thread] INFO  expense.L0gController - User successfully logged in 
2018-09-25 10:22:21.826 [JavaFX Application Thread] INFO  expense.L0gController - User successfully logged in 
2018-09-25 10:24:08.234 [JavaFX Application Thread] INFO  expense.L0gController - User successfully logged in 
2018-09-25 10:24:50.332 [JavaFX Application Thread] INFO  expense.L0gController - User successfully logged in 
2018-09-25 11:27:31.283 [JavaFX Application Thread] INFO  expense.L0gController - User successfully logged in 
2018-09-25 11:39:35.361 [JavaFX Application Thread] INFO  expense.L0gController - User successfully logged in 
2018-09-25 11:43:40.882 [JavaFX Application Thread] INFO  expense.L0gController - User successfully logged in 
2018-09-25 12:08:31.599 [JavaFX Application Thread] INFO  expense.L0gController - User successfully logged in 
2018-09-25 12:08:52.526 [JavaFX Application Thread] INFO  expense.L0gController - User successfully logged in 
2018-09-25 12:11:40.217 [JavaFX Application Thread] INFO  expense.L0gController - User successfully logged in 
2018-09-25 12:13:11.808 [JavaFX Application Thread] INFO  expense.L0gController - User successfully logged in 
2018-09-25 12:15:13.487 [JavaFX Application Thread] INFO  expense.L0gController - User successfully logged in 
2018-09-25 12:18:17.887 [JavaFX Application Thread] INFO  expense.L0gController - User successfully logged in 
2018-09-25 12:19:58.295 [JavaFX Application Thread] INFO  expense.L0gController - User successfully logged in 
2018-09-25 12:22:27.200 [JavaFX Application Thread] INFO  expense.L0gController - User successfully logged in 
2018-09-25 12:25:04.228 [JavaFX Application Thread] INFO  expense.L0gController - User successfully logged in 
2018-09-25 12:26:04.845 [JavaFX Application Thread] INFO  expense.L0gController - User successfully logged in 
2018-09-25 12:27:25.585 [JavaFX Application Thread] INFO  expense.L0gController - User successfully logged in 
2018-09-25 12:29:17.317 [JavaFX Application Thread] INFO  expense.L0gController - User successfully logged in 
2018-09-25 12:39:20.999 [JavaFX Application Thread] INFO  expense.L0gController - User successfully logged in 
2018-09-25 12:41:07.535 [JavaFX Application Thread] INFO  expense.L0gController - User successfully logged in 
2018-09-25 12:42:14.660 [JavaFX Application Thread] INFO  expense.L0gController - User successfully logged in 
2018-09-25 12:43:23.994 [JavaFX Application Thread] INFO  expense.L0gController - User successfully logged in 
2018-09-25 12:50:38.403 [JavaFX Application Thread] INFO  expense.L0gController - User successfully logged in 
2018-09-25 12:54:32.519 [JavaFX Application Thread] INFO  expense.L0gController - User successfully logged in 
2018-09-25 18:06:01.902 [JavaFX Application Thread] INFO  expense.L0gController - User successfully logged in 
2018-09-25 18:11:48.484 [JavaFX Application Thread] INFO  expense.L0gController - User successfully logged in 
2018-09-25 18:17:45.602 [JavaFX Application Thread] INFO  expense.L0gController - User successfully logged in 
2018-09-25 18:19:10.881 [JavaFX Application Thread] INFO  expense.L0gController - User successfully logged in 
2018-09-25 18:22:30.115 [JavaFX Application Thread] INFO  expense.L0gController - User successfully logged in 
2018-09-25 18:24:54.044 [JavaFX Application Thread] INFO  expense.L0gController - User successfully logged in 
2018-09-25 18:25:52.187 [JavaFX Application Thread] INFO  expense.L0gController - User successfully logged in 
2018-09-25 18:26:53.536 [JavaFX Application Thread] INFO  expense.L0gController - User successfully logged in 
2018-09-25 18:30:30.319 [JavaFX Application Thread] INFO  expense.L0gController - User successfully logged in 
2018-09-25 18:32:17.720 [JavaFX Application Thread] INFO  expense.L0gController - User successfully logged in 
2018-09-25 18:34:14.081 [JavaFX Application Thread] INFO  expense.L0gController - User successfully logged in 
2018-09-25 18:35:00.543 [JavaFX Application Thread] INFO  expense.L0gController - User successfully logged in 
2018-09-25 18:35:37.118 [JavaFX Application Thread] INFO  expense.L0gController - User successfully logged in 
2018-09-25 18:36:15.664 [JavaFX Application Thread] INFO  expense.L0gController - User successfully logged in 
2018-09-25 18:37:12.141 [JavaFX Application Thread] INFO  expense.L0gController - User successfully logged in 
2018-09-25 18:47:35.121 [JavaFX Application Thread] INFO  expense.L0gController - User successfully logged in 
2018-09-25 18:51:05.491 [JavaFX Application Thread] INFO  expense.L0gController - User successfully logged in 
2018-09-25 18:52:46.370 [JavaFX Application Thread] INFO  expense.L0gController - User successfully logged in 
2018-09-25 19:18:41.802 [JavaFX Application Thread] INFO  expense.L0gController - User successfully logged in 
2018-09-25 19:19:34.317 [JavaFX Application Thread] INFO  expense.L0gController - User successfully logged in 
2018-09-25 19:20:28.555 [JavaFX Application Thread] INFO  expense.L0gController - User successfully logged in 
2018-09-25 19:21:16.953 [JavaFX Application Thread] INFO  expense.L0gController - User successfully logged in 
2018-09-25 19:22:24.162 [JavaFX Application Thread] INFO  expense.L0gController - User successfully logged in 
2018-09-25 19:36:01.930 [JavaFX Application Thread] INFO  expense.L0gController - User successfully logged in 
2018-09-25 19:48:30.896 [JavaFX Application Thread] INFO  expense.L0gController - User successfully logged in 
2018-09-25 20:28:21.985 [JavaFX Application Thread] INFO  expense.L0gController - User successfully logged in 
2018-09-25 20:30:58.543 [JavaFX Application Thread] INFO  expense.L0gController - User successfully logged in 
2018-09-25 20:33:20.390 [JavaFX Application Thread] INFO  expense.L0gController - User successfully logged in 
2018-09-25 21:15:28.814 [JavaFX Application Thread] INFO  expense.L0gController - User successfully logged in 
2018-09-25 21:15:55.860 [JavaFX Application Thread] INFO  expense.L0gController - User successfully logged in 
2018-09-25 21:18:09.630 [JavaFX Application Thread] INFO  expense.L0gController - User successfully logged in 
2018-09-25 21:21:25.279 [JavaFX Application Thread] INFO  expense.L0gController - User successfully logged in 
2018-09-25 21:28:42.620 [JavaFX Application Thread] INFO  expense.L0gController - User successfully logged in 
2018-09-25 21:30:40.666 [JavaFX Application Thread] INFO  expense.L0gController - User successfully logged in 
2018-09-25 21:31:49.233 [JavaFX Application Thread] INFO  expense.L0gController - User successfully logged in 
2018-09-25 21:32:39.670 [JavaFX Application Thread] INFO  expense.L0gController - User successfully logged in 
2018-09-25 22:18:59.165 [JavaFX Application Thread] INFO  expense.L0gController - User successfully logged in 
2018-09-25 22:29:18.455 [JavaFX Application Thread] INFO  expense.L0gController - User successfully logged in 
2018-09-25 22:29:49.401 [JavaFX Application Thread] ERROR real.database.DatabaseHandler - {}
java.lang.NullPointerException: null
	at real.database.DatabaseHandler.getDBTables(DatabaseHandler.java:113) ~[RealDriving.jar:1.0]
	at real.database.DatabaseHandler.inflateDB(DatabaseHandler.java:60) ~[RealDriving.jar:1.0]
	at real.database.DatabaseHandler.<clinit>(DatabaseHandler.java:44) ~[RealDriving.jar:1.0]
	at real.database.DataHelper.isMemberExists(DataHelper.java:49) ~[RealDriving.jar:1.0]
	at newstudents.NewstudentController.save(NewstudentController.java:109) ~[RealDriving.jar:1.0]
	at sun.reflect.NativeMethodAccessorImpl.invoke0(Native Method) ~[?:1.8.0_144]
	at sun.reflect.NativeMethodAccessorImpl.invoke(NativeMethodAccessorImpl.java:62) ~[?:1.8.0_144]
	at sun.reflect.DelegatingMethodAccessorImpl.invoke(DelegatingMethodAccessorImpl.java:43) ~[?:1.8.0_144]
	at java.lang.reflect.Method.invoke(Method.java:498) ~[?:1.8.0_144]
	at sun.reflect.misc.Trampoline.invoke(MethodUtil.java:71) ~[?:1.8.0_144]
	at sun.reflect.GeneratedMethodAccessor1.invoke(Unknown Source) ~[?:?]
	at sun.reflect.DelegatingMethodAccessorImpl.invoke(DelegatingMethodAccessorImpl.java:43) ~[?:1.8.0_144]
	at java.lang.reflect.Method.invoke(Method.java:498) ~[?:1.8.0_144]
	at sun.reflect.misc.MethodUtil.invoke(MethodUtil.java:275) ~[?:1.8.0_144]
	at javafx.fxml.FXMLLoader$MethodHandler.invoke(FXMLLoader.java:1769) ~[jfxrt.jar:?]
	at javafx.fxml.FXMLLoader$ControllerMethodEventHandler.handle(FXMLLoader.java:1657) ~[jfxrt.jar:?]
	at com.sun.javafx.event.CompositeEventHandler.dispatchBubblingEvent(CompositeEventHandler.java:86) ~[jfxrt.jar:?]
	at com.sun.javafx.event.EventHandlerManager.dispatchBubblingEvent(EventHandlerManager.java:238) ~[jfxrt.jar:?]
	at com.sun.javafx.event.EventHandlerManager.dispatchBubblingEvent(EventHandlerManager.java:191) ~[jfxrt.jar:?]
	at com.sun.javafx.event.CompositeEventDispatcher.dispatchBubblingEvent(CompositeEventDispatcher.java:59) ~[jfxrt.jar:?]
	at com.sun.javafx.event.BasicEventDispatcher.dispatchEvent(BasicEventDispatcher.java:58) ~[jfxrt.jar:?]
	at com.sun.javafx.event.EventDispatchChainImpl.dispatchEvent(EventDispatchChainImpl.java:114) ~[jfxrt.jar:?]
	at com.sun.javafx.event.BasicEventDispatcher.dispatchEvent(BasicEventDispatcher.java:56) ~[jfxrt.jar:?]
	at com.sun.javafx.event.EventDispatchChainImpl.dispatchEvent(EventDispatchChainImpl.java:114) ~[jfxrt.jar:?]
	at com.sun.javafx.event.BasicEventDispatcher.dispatchEvent(BasicEventDispatcher.java:56) ~[jfxrt.jar:?]
	at com.sun.javafx.event.EventDispatchChainImpl.dispatchEvent(EventDispatchChainImpl.java:114) ~[jfxrt.jar:?]
	at com.sun.javafx.event.EventUtil.fireEventImpl(EventUtil.java:74) ~[jfxrt.jar:?]
	at com.sun.javafx.event.EventUtil.fireEvent(EventUtil.java:49) ~[jfxrt.jar:?]
	at javafx.event.Event.fireEvent(Event.java:198) ~[jfxrt.jar:?]
	at javafx.scene.Node.fireEvent(Node.java:8413) ~[jfxrt.jar:?]
	at javafx.scene.control.Button.fire(Button.java:185) ~[jfxrt.jar:?]
	at com.sun.javafx.scene.control.behavior.ButtonBehavior.mouseReleased(ButtonBehavior.java:182) ~[jfxrt.jar:?]
	at com.sun.javafx.scene.control.skin.BehaviorSkinBase$1.handle(BehaviorSkinBase.java:96) ~[jfxrt.jar:?]
	at com.sun.javafx.scene.control.skin.BehaviorSkinBase$1.handle(BehaviorSkinBase.java:89) ~[jfxrt.jar:?]
	at com.sun.javafx.event.CompositeEventHandler$NormalEventHandlerRecord.handleBubblingEvent(CompositeEventHandler.java:218) ~[jfxrt.jar:?]
	at com.sun.javafx.event.CompositeEventHandler.dispatchBubblingEvent(CompositeEventHandler.java:80) ~[jfxrt.jar:?]
	at com.sun.javafx.event.EventHandlerManager.dispatchBubblingEvent(EventHandlerManager.java:238) ~[jfxrt.jar:?]
	at com.sun.javafx.event.EventHandlerManager.dispatchBubblingEvent(EventHandlerManager.java:191) ~[jfxrt.jar:?]
	at com.sun.javafx.event.CompositeEventDispatcher.dispatchBubblingEvent(CompositeEventDispatcher.java:59) ~[jfxrt.jar:?]
	at com.sun.javafx.event.BasicEventDispatcher.dispatchEvent(BasicEventDispatcher.java:58) ~[jfxrt.jar:?]
	at com.sun.javafx.event.EventDispatchChainImpl.dispatchEvent(EventDispatchChainImpl.java:114) ~[jfxrt.jar:?]
	at com.sun.javafx.event.BasicEventDispatcher.dispatchEvent(BasicEventDispatcher.java:56) ~[jfxrt.jar:?]
	at com.sun.javafx.event.EventDispatchChainImpl.dispatchEvent(EventDispatchChainImpl.java:114) ~[jfxrt.jar:?]
	at com.sun.javafx.event.BasicEventDispatcher.dispatchEvent(BasicEventDispatcher.java:56) ~[jfxrt.jar:?]
	at com.sun.javafx.event.EventDispatchChainImpl.dispatchEvent(EventDispatchChainImpl.java:114) ~[jfxrt.jar:?]
	at com.sun.javafx.event.EventUtil.fireEventImpl(EventUtil.java:74) ~[jfxrt.jar:?]
	at com.sun.javafx.event.EventUtil.fireEvent(EventUtil.java:54) ~[jfxrt.jar:?]
	at javafx.event.Event.fireEvent(Event.java:198) ~[jfxrt.jar:?]
	at javafx.scene.Scene$MouseHandler.process(Scene.java:3757) ~[jfxrt.jar:?]
	at javafx.scene.Scene$MouseHandler.access$1500(Scene.java:3485) ~[jfxrt.jar:?]
	at javafx.scene.Scene.impl_processMouseEvent(Scene.java:1762) ~[jfxrt.jar:?]
	at javafx.scene.Scene$ScenePeerListener.mouseEvent(Scene.java:2494) ~[jfxrt.jar:?]
	at com.sun.javafx.tk.quantum.GlassViewEventHandler$MouseEventNotification.run(GlassViewEventHandler.java:381) ~[jfxrt.jar:?]
	at com.sun.javafx.tk.quantum.GlassViewEventHandler$MouseEventNotification.run(GlassViewEventHandler.java:295) ~[jfxrt.jar:?]
	at java.security.AccessController.doPrivileged(Native Method) ~[?:1.8.0_144]
	at com.sun.javafx.tk.quantum.GlassViewEventHandler.lambda$handleMouseEvent$354(GlassViewEventHandler.java:417) ~[jfxrt.jar:?]
	at com.sun.javafx.tk.quantum.QuantumToolkit.runWithoutRenderLock(QuantumToolkit.java:389) ~[jfxrt.jar:?]
	at com.sun.javafx.tk.quantum.GlassViewEventHandler.handleMouseEvent(GlassViewEventHandler.java:416) ~[jfxrt.jar:?]
	at com.sun.glass.ui.View.handleMouseEvent(View.java:555) ~[jfxrt.jar:?]
	at com.sun.glass.ui.View.notifyMouse(View.java:937) ~[jfxrt.jar:?]
	at com.sun.glass.ui.win.WinApplication._runLoop(Native Method) ~[jfxrt.jar:?]
	at com.sun.glass.ui.win.WinApplication.lambda$null$148(WinApplication.java:191) ~[jfxrt.jar:?]
	at java.lang.Thread.run(Thread.java:748) [?:1.8.0_144]
2018-09-25 22:29:49.412 [JavaFX Application Thread] ERROR real.database.DatabaseHandler - {}
java.sql.SQLException: No suitable driver found for jdbc:mysql://localhost/realdriving
	at java.sql.DriverManager.getConnection(DriverManager.java:689) ~[?:1.8.0_144]
	at java.sql.DriverManager.getConnection(DriverManager.java:247) ~[?:1.8.0_144]
	at real.database.DatabaseHandler.connect(DatabaseHandler.java:99) ~[RealDriving.jar:1.0]
	at real.database.DatabaseHandler.getConnection(DatabaseHandler.java:105) ~[RealDriving.jar:1.0]
	at real.database.DataHelper.isMemberExists(DataHelper.java:49) ~[RealDriving.jar:1.0]
	at newstudents.NewstudentController.save(NewstudentController.java:109) ~[RealDriving.jar:1.0]
	at sun.reflect.NativeMethodAccessorImpl.invoke0(Native Method) ~[?:1.8.0_144]
	at sun.reflect.NativeMethodAccessorImpl.invoke(NativeMethodAccessorImpl.java:62) ~[?:1.8.0_144]
	at sun.reflect.DelegatingMethodAccessorImpl.invoke(DelegatingMethodAccessorImpl.java:43) ~[?:1.8.0_144]
	at java.lang.reflect.Method.invoke(Method.java:498) ~[?:1.8.0_144]
	at sun.reflect.misc.Trampoline.invoke(MethodUtil.java:71) ~[?:1.8.0_144]
	at sun.reflect.GeneratedMethodAccessor1.invoke(Unknown Source) ~[?:?]
	at sun.reflect.DelegatingMethodAccessorImpl.invoke(DelegatingMethodAccessorImpl.java:43) ~[?:1.8.0_144]
	at java.lang.reflect.Method.invoke(Method.java:498) ~[?:1.8.0_144]
	at sun.reflect.misc.MethodUtil.invoke(MethodUtil.java:275) ~[?:1.8.0_144]
	at javafx.fxml.FXMLLoader$MethodHandler.invoke(FXMLLoader.java:1769) ~[jfxrt.jar:?]
	at javafx.fxml.FXMLLoader$ControllerMethodEventHandler.handle(FXMLLoader.java:1657) ~[jfxrt.jar:?]
	at com.sun.javafx.event.CompositeEventHandler.dispatchBubblingEvent(CompositeEventHandler.java:86) ~[jfxrt.jar:?]
	at com.sun.javafx.event.EventHandlerManager.dispatchBubblingEvent(EventHandlerManager.java:238) ~[jfxrt.jar:?]
	at com.sun.javafx.event.EventHandlerManager.dispatchBubblingEvent(EventHandlerManager.java:191) ~[jfxrt.jar:?]
	at com.sun.javafx.event.CompositeEventDispatcher.dispatchBubblingEvent(CompositeEventDispatcher.java:59) ~[jfxrt.jar:?]
	at com.sun.javafx.event.BasicEventDispatcher.dispatchEvent(BasicEventDispatcher.java:58) ~[jfxrt.jar:?]
	at com.sun.javafx.event.EventDispatchChainImpl.dispatchEvent(EventDispatchChainImpl.java:114) ~[jfxrt.jar:?]
	at com.sun.javafx.event.BasicEventDispatcher.dispatchEvent(BasicEventDispatcher.java:56) ~[jfxrt.jar:?]
	at com.sun.javafx.event.EventDispatchChainImpl.dispatchEvent(EventDispatchChainImpl.java:114) ~[jfxrt.jar:?]
	at com.sun.javafx.event.BasicEventDispatcher.dispatchEvent(BasicEventDispatcher.java:56) ~[jfxrt.jar:?]
	at com.sun.javafx.event.EventDispatchChainImpl.dispatchEvent(EventDispatchChainImpl.java:114) ~[jfxrt.jar:?]
	at com.sun.javafx.event.EventUtil.fireEventImpl(EventUtil.java:74) ~[jfxrt.jar:?]
	at com.sun.javafx.event.EventUtil.fireEvent(EventUtil.java:49) ~[jfxrt.jar:?]
	at javafx.event.Event.fireEvent(Event.java:198) ~[jfxrt.jar:?]
	at javafx.scene.Node.fireEvent(Node.java:8413) ~[jfxrt.jar:?]
	at javafx.scene.control.Button.fire(Button.java:185) ~[jfxrt.jar:?]
	at com.sun.javafx.scene.control.behavior.ButtonBehavior.mouseReleased(ButtonBehavior.java:182) ~[jfxrt.jar:?]
	at com.sun.javafx.scene.control.skin.BehaviorSkinBase$1.handle(BehaviorSkinBase.java:96) ~[jfxrt.jar:?]
	at com.sun.javafx.scene.control.skin.BehaviorSkinBase$1.handle(BehaviorSkinBase.java:89) ~[jfxrt.jar:?]
	at com.sun.javafx.event.CompositeEventHandler$NormalEventHandlerRecord.handleBubblingEvent(CompositeEventHandler.java:218) ~[jfxrt.jar:?]
	at com.sun.javafx.event.CompositeEventHandler.dispatchBubblingEvent(CompositeEventHandler.java:80) ~[jfxrt.jar:?]
	at com.sun.javafx.event.EventHandlerManager.dispatchBubblingEvent(EventHandlerManager.java:238) ~[jfxrt.jar:?]
	at com.sun.javafx.event.EventHandlerManager.dispatchBubblingEvent(EventHandlerManager.java:191) ~[jfxrt.jar:?]
	at com.sun.javafx.event.CompositeEventDispatcher.dispatchBubblingEvent(CompositeEventDispatcher.java:59) ~[jfxrt.jar:?]
	at com.sun.javafx.event.BasicEventDispatcher.dispatchEvent(BasicEventDispatcher.java:58) ~[jfxrt.jar:?]
	at com.sun.javafx.event.EventDispatchChainImpl.dispatchEvent(EventDispatchChainImpl.java:114) ~[jfxrt.jar:?]
	at com.sun.javafx.event.BasicEventDispatcher.dispatchEvent(BasicEventDispatcher.java:56) ~[jfxrt.jar:?]
	at com.sun.javafx.event.EventDispatchChainImpl.dispatchEvent(EventDispatchChainImpl.java:114) ~[jfxrt.jar:?]
	at com.sun.javafx.event.BasicEventDispatcher.dispatchEvent(BasicEventDispatcher.java:56) ~[jfxrt.jar:?]
	at com.sun.javafx.event.EventDispatchChainImpl.dispatchEvent(EventDispatchChainImpl.java:114) ~[jfxrt.jar:?]
	at com.sun.javafx.event.EventUtil.fireEventImpl(EventUtil.java:74) ~[jfxrt.jar:?]
	at com.sun.javafx.event.EventUtil.fireEvent(EventUtil.java:54) ~[jfxrt.jar:?]
	at javafx.event.Event.fireEvent(Event.java:198) ~[jfxrt.jar:?]
	at javafx.scene.Scene$MouseHandler.process(Scene.java:3757) ~[jfxrt.jar:?]
	at javafx.scene.Scene$MouseHandler.access$1500(Scene.java:3485) ~[jfxrt.jar:?]
	at javafx.scene.Scene.impl_processMouseEvent(Scene.java:1762) ~[jfxrt.jar:?]
	at javafx.scene.Scene$ScenePeerListener.mouseEvent(Scene.java:2494) ~[jfxrt.jar:?]
	at com.sun.javafx.tk.quantum.GlassViewEventHandler$MouseEventNotification.run(GlassViewEventHandler.java:381) ~[jfxrt.jar:?]
	at com.sun.javafx.tk.quantum.GlassViewEventHandler$MouseEventNotification.run(GlassViewEventHandler.java:295) ~[jfxrt.jar:?]
	at java.security.AccessController.doPrivileged(Native Method) ~[?:1.8.0_144]
	at com.sun.javafx.tk.quantum.GlassViewEventHandler.lambda$handleMouseEvent$354(GlassViewEventHandler.java:417) ~[jfxrt.jar:?]
	at com.sun.javafx.tk.quantum.QuantumToolkit.runWithoutRenderLock(QuantumToolkit.java:389) ~[jfxrt.jar:?]
	at com.sun.javafx.tk.quantum.GlassViewEventHandler.handleMouseEvent(GlassViewEventHandler.java:416) ~[jfxrt.jar:?]
	at com.sun.glass.ui.View.handleMouseEvent(View.java:555) ~[jfxrt.jar:?]
	at com.sun.glass.ui.View.notifyMouse(View.java:937) ~[jfxrt.jar:?]
	at com.sun.glass.ui.win.WinApplication._runLoop(Native Method) ~[jfxrt.jar:?]
	at com.sun.glass.ui.win.WinApplication.lambda$null$148(WinApplication.java:191) ~[jfxrt.jar:?]
	at java.lang.Thread.run(Thread.java:748) [?:1.8.0_144]
2018-09-25 22:29:49.471 [JavaFX Application Thread] ERROR real.database.DatabaseHandler - {}
java.sql.SQLException: No suitable driver found for jdbc:mysql://localhost/realdriving
	at java.sql.DriverManager.getConnection(DriverManager.java:689) ~[?:1.8.0_144]
	at java.sql.DriverManager.getConnection(DriverManager.java:247) ~[?:1.8.0_144]
	at real.database.DatabaseHandler.connect(DatabaseHandler.java:99) ~[RealDriving.jar:1.0]
	at real.database.DatabaseHandler.getConnection(DatabaseHandler.java:105) ~[RealDriving.jar:1.0]
	at real.database.DataHelper.insertNewMember(DataHelper.java:25) ~[RealDriving.jar:1.0]
	at newstudents.NewstudentController.save(NewstudentController.java:118) ~[RealDriving.jar:1.0]
	at sun.reflect.NativeMethodAccessorImpl.invoke0(Native Method) ~[?:1.8.0_144]
	at sun.reflect.NativeMethodAccessorImpl.invoke(NativeMethodAccessorImpl.java:62) ~[?:1.8.0_144]
	at sun.reflect.DelegatingMethodAccessorImpl.invoke(DelegatingMethodAccessorImpl.java:43) ~[?:1.8.0_144]
	at java.lang.reflect.Method.invoke(Method.java:498) ~[?:1.8.0_144]
	at sun.reflect.misc.Trampoline.invoke(MethodUtil.java:71) ~[?:1.8.0_144]
	at sun.reflect.GeneratedMethodAccessor1.invoke(Unknown Source) ~[?:?]
	at sun.reflect.DelegatingMethodAccessorImpl.invoke(DelegatingMethodAccessorImpl.java:43) ~[?:1.8.0_144]
	at java.lang.reflect.Method.invoke(Method.java:498) ~[?:1.8.0_144]
	at sun.reflect.misc.MethodUtil.invoke(MethodUtil.java:275) ~[?:1.8.0_144]
	at javafx.fxml.FXMLLoader$MethodHandler.invoke(FXMLLoader.java:1769) ~[jfxrt.jar:?]
	at javafx.fxml.FXMLLoader$ControllerMethodEventHandler.handle(FXMLLoader.java:1657) ~[jfxrt.jar:?]
	at com.sun.javafx.event.CompositeEventHandler.dispatchBubblingEvent(CompositeEventHandler.java:86) ~[jfxrt.jar:?]
	at com.sun.javafx.event.EventHandlerManager.dispatchBubblingEvent(EventHandlerManager.java:238) ~[jfxrt.jar:?]
	at com.sun.javafx.event.EventHandlerManager.dispatchBubblingEvent(EventHandlerManager.java:191) ~[jfxrt.jar:?]
	at com.sun.javafx.event.CompositeEventDispatcher.dispatchBubblingEvent(CompositeEventDispatcher.java:59) ~[jfxrt.jar:?]
	at com.sun.javafx.event.BasicEventDispatcher.dispatchEvent(BasicEventDispatcher.java:58) ~[jfxrt.jar:?]
	at com.sun.javafx.event.EventDispatchChainImpl.dispatchEvent(EventDispatchChainImpl.java:114) ~[jfxrt.jar:?]
	at com.sun.javafx.event.BasicEventDispatcher.dispatchEvent(BasicEventDispatcher.java:56) ~[jfxrt.jar:?]
	at com.sun.javafx.event.EventDispatchChainImpl.dispatchEvent(EventDispatchChainImpl.java:114) ~[jfxrt.jar:?]
	at com.sun.javafx.event.BasicEventDispatcher.dispatchEvent(BasicEventDispatcher.java:56) ~[jfxrt.jar:?]
	at com.sun.javafx.event.EventDispatchChainImpl.dispatchEvent(EventDispatchChainImpl.java:114) ~[jfxrt.jar:?]
	at com.sun.javafx.event.EventUtil.fireEventImpl(EventUtil.java:74) ~[jfxrt.jar:?]
	at com.sun.javafx.event.EventUtil.fireEvent(EventUtil.java:49) ~[jfxrt.jar:?]
	at javafx.event.Event.fireEvent(Event.java:198) ~[jfxrt.jar:?]
	at javafx.scene.Node.fireEvent(Node.java:8413) ~[jfxrt.jar:?]
	at javafx.scene.control.Button.fire(Button.java:185) ~[jfxrt.jar:?]
	at com.sun.javafx.scene.control.behavior.ButtonBehavior.mouseReleased(ButtonBehavior.java:182) ~[jfxrt.jar:?]
	at com.sun.javafx.scene.control.skin.BehaviorSkinBase$1.handle(BehaviorSkinBase.java:96) ~[jfxrt.jar:?]
	at com.sun.javafx.scene.control.skin.BehaviorSkinBase$1.handle(BehaviorSkinBase.java:89) ~[jfxrt.jar:?]
	at com.sun.javafx.event.CompositeEventHandler$NormalEventHandlerRecord.handleBubblingEvent(CompositeEventHandler.java:218) ~[jfxrt.jar:?]
	at com.sun.javafx.event.CompositeEventHandler.dispatchBubblingEvent(CompositeEventHandler.java:80) ~[jfxrt.jar:?]
	at com.sun.javafx.event.EventHandlerManager.dispatchBubblingEvent(EventHandlerManager.java:238) ~[jfxrt.jar:?]
	at com.sun.javafx.event.EventHandlerManager.dispatchBubblingEvent(EventHandlerManager.java:191) ~[jfxrt.jar:?]
	at com.sun.javafx.event.CompositeEventDispatcher.dispatchBubblingEvent(CompositeEventDispatcher.java:59) ~[jfxrt.jar:?]
	at com.sun.javafx.event.BasicEventDispatcher.dispatchEvent(BasicEventDispatcher.java:58) ~[jfxrt.jar:?]
	at com.sun.javafx.event.EventDispatchChainImpl.dispatchEvent(EventDispatchChainImpl.java:114) ~[jfxrt.jar:?]
	at com.sun.javafx.event.BasicEventDispatcher.dispatchEvent(BasicEventDispatcher.java:56) ~[jfxrt.jar:?]
	at com.sun.javafx.event.EventDispatchChainImpl.dispatchEvent(EventDispatchChainImpl.java:114) ~[jfxrt.jar:?]
	at com.sun.javafx.event.BasicEventDispatcher.dispatchEvent(BasicEventDispatcher.java:56) ~[jfxrt.jar:?]
	at com.sun.javafx.event.EventDispatchChainImpl.dispatchEvent(EventDispatchChainImpl.java:114) ~[jfxrt.jar:?]
	at com.sun.javafx.event.EventUtil.fireEventImpl(EventUtil.java:74) ~[jfxrt.jar:?]
	at com.sun.javafx.event.EventUtil.fireEvent(EventUtil.java:54) ~[jfxrt.jar:?]
	at javafx.event.Event.fireEvent(Event.java:198) ~[jfxrt.jar:?]
	at javafx.scene.Scene$MouseHandler.process(Scene.java:3757) ~[jfxrt.jar:?]
	at javafx.scene.Scene$MouseHandler.access$1500(Scene.java:3485) ~[jfxrt.jar:?]
	at javafx.scene.Scene.impl_processMouseEvent(Scene.java:1762) ~[jfxrt.jar:?]
	at javafx.scene.Scene$ScenePeerListener.mouseEvent(Scene.java:2494) ~[jfxrt.jar:?]
	at com.sun.javafx.tk.quantum.GlassViewEventHandler$MouseEventNotification.run(GlassViewEventHandler.java:381) ~[jfxrt.jar:?]
	at com.sun.javafx.tk.quantum.GlassViewEventHandler$MouseEventNotification.run(GlassViewEventHandler.java:295) ~[jfxrt.jar:?]
	at java.security.AccessController.doPrivileged(Native Method) ~[?:1.8.0_144]
	at com.sun.javafx.tk.quantum.GlassViewEventHandler.lambda$handleMouseEvent$354(GlassViewEventHandler.java:417) ~[jfxrt.jar:?]
	at com.sun.javafx.tk.quantum.QuantumToolkit.runWithoutRenderLock(QuantumToolkit.java:389) ~[jfxrt.jar:?]
	at com.sun.javafx.tk.quantum.GlassViewEventHandler.handleMouseEvent(GlassViewEventHandler.java:416) ~[jfxrt.jar:?]
	at com.sun.glass.ui.View.handleMouseEvent(View.java:555) ~[jfxrt.jar:?]
	at com.sun.glass.ui.View.notifyMouse(View.java:937) ~[jfxrt.jar:?]
	at com.sun.glass.ui.win.WinApplication._runLoop(Native Method) ~[jfxrt.jar:?]
	at com.sun.glass.ui.win.WinApplication.lambda$null$148(WinApplication.java:191) ~[jfxrt.jar:?]
	at java.lang.Thread.run(Thread.java:748) [?:1.8.0_144]
2018-09-25 22:31:58.780 [JavaFX Application Thread] INFO  expense.L0gController - User successfully logged in 
2018-09-25 22:44:38.257 [JavaFX Application Thread] INFO  expense.L0gController - User successfully logged in 
2018-09-25 22:56:21.129 [JavaFX Application Thread] INFO  expense.L0gController - User successfully logged in 
2018-09-25 22:57:44.986 [JavaFX Application Thread] INFO  expense.L0gController - User successfully logged in 
2018-09-25 22:59:10.919 [JavaFX Application Thread] INFO  expense.L0gController - User successfully logged in 
2018-09-25 23:03:05.728 [JavaFX Application Thread] INFO  expense.L0gController - User successfully logged in 
2018-09-25 23:09:04.226 [JavaFX Application Thread] INFO  expense.L0gController - User successfully logged in 
2018-09-25 23:16:27.321 [JavaFX Application Thread] INFO  expense.L0gController - User successfully logged in 
2018-09-25 23:22:14.707 [JavaFX Application Thread] INFO  expense.L0gController - User successfully logged in 
2018-09-25 23:23:43.041 [JavaFX Application Thread] INFO  expense.L0gController - User successfully logged in 
2018-09-25 23:24:48.281 [JavaFX Application Thread] INFO  expense.L0gController - User successfully logged in 
2018-09-25 23:27:46.516 [JavaFX Application Thread] INFO  expense.L0gController - User successfully logged in 
2018-09-25 23:39:01.415 [JavaFX Application Thread] INFO  expense.L0gController - User successfully logged in 
2018-09-25 23:40:06.611 [JavaFX Application Thread] INFO  expense.L0gController - User successfully logged in 
2018-09-25 23:41:17.643 [JavaFX Application Thread] INFO  expense.L0gController - User successfully logged in 
2018-09-25 23:42:09.559 [JavaFX Application Thread] INFO  expense.L0gController - User successfully logged in 
2018-09-25 23:48:21.522 [JavaFX Application Thread] INFO  expense.L0gController - User successfully logged in 
2018-09-25 23:50:47.418 [JavaFX Application Thread] INFO  expense.L0gController - User successfully logged in 
2018-09-25 23:52:18.205 [JavaFX Application Thread] INFO  expense.L0gController - User successfully logged in 
2018-09-25 23:55:04.914 [JavaFX Application Thread] INFO  expense.L0gController - User successfully logged in 
2018-09-25 23:58:03.755 [JavaFX Application Thread] INFO  expense.L0gController - User successfully logged in 
